mode: set
github.com/anazibinurasheed/project-device-mart/pkg/api/handler/admin.go:19.67,22.2 1 0
github.com/anazibinurasheed/project-device-mart/pkg/api/handler/admin.go:36.53,38.48 2 0
github.com/anazibinurasheed/project-device-mart/pkg/api/handler/admin.go:38.48,42.3 3 0
github.com/anazibinurasheed/project-device-mart/pkg/api/handler/admin.go:46.2,49.9 4 0
github.com/anazibinurasheed/project-device-mart/pkg/api/handler/admin.go:49.9,53.3 3 0
github.com/anazibinurasheed/project-device-mart/pkg/api/handler/admin.go:55.2,56.16 2 0
github.com/anazibinurasheed/project-device-mart/pkg/api/handler/admin.go:56.16,60.3 3 0
github.com/anazibinurasheed/project-device-mart/pkg/api/handler/admin.go:62.2,64.16 3 0
github.com/anazibinurasheed/project-device-mart/pkg/api/handler/admin.go:64.16,68.3 3 0
github.com/anazibinurasheed/project-device-mart/pkg/api/handler/admin.go:71.2,76.33 5 0
github.com/anazibinurasheed/project-device-mart/pkg/api/handler/admin.go:93.56,95.42 2 0
github.com/anazibinurasheed/project-device-mart/pkg/api/handler/admin.go:95.42,99.3 3 0
github.com/anazibinurasheed/project-device-mart/pkg/api/handler/admin.go:101.2,102.16 2 0
github.com/anazibinurasheed/project-device-mart/pkg/api/handler/admin.go:102.16,106.3 3 0
github.com/anazibinurasheed/project-device-mart/pkg/api/handler/admin.go:108.2,109.16 2 0
github.com/anazibinurasheed/project-device-mart/pkg/api/handler/admin.go:109.16,113.3 3 0
github.com/anazibinurasheed/project-device-mart/pkg/api/handler/admin.go:115.2,122.33 7 0
github.com/anazibinurasheed/project-device-mart/pkg/api/handler/admin.go:136.57,152.16 2 0
github.com/anazibinurasheed/project-device-mart/pkg/api/handler/admin.go:152.16,156.3 3 0
github.com/anazibinurasheed/project-device-mart/pkg/api/handler/admin.go:158.2,159.33 2 0
github.com/anazibinurasheed/project-device-mart/pkg/api/handler/admin.go:174.51,176.16 2 0
github.com/anazibinurasheed/project-device-mart/pkg/api/handler/admin.go:176.16,180.3 3 0
github.com/anazibinurasheed/project-device-mart/pkg/api/handler/admin.go:182.2,183.16 2 0
github.com/anazibinurasheed/project-device-mart/pkg/api/handler/admin.go:183.16,186.3 2 0
github.com/anazibinurasheed/project-device-mart/pkg/api/handler/admin.go:188.2,189.33 2 0
github.com/anazibinurasheed/project-device-mart/pkg/api/handler/admin.go:204.53,206.16 2 0
github.com/anazibinurasheed/project-device-mart/pkg/api/handler/admin.go:206.16,210.3 3 0
github.com/anazibinurasheed/project-device-mart/pkg/api/handler/admin.go:212.2,213.16 2 0
github.com/anazibinurasheed/project-device-mart/pkg/api/handler/admin.go:213.16,217.3 3 0
github.com/anazibinurasheed/project-device-mart/pkg/api/handler/admin.go:219.2,220.33 2 0
github.com/anazibinurasheed/project-device-mart/pkg/api/handler/cart.go:17.64,21.2 1 0
github.com/anazibinurasheed/project-device-mart/pkg/api/handler/cart.go:34.50,36.16 2 0
github.com/anazibinurasheed/project-device-mart/pkg/api/handler/cart.go:36.16,40.3 3 0
github.com/anazibinurasheed/project-device-mart/pkg/api/handler/cart.go:42.2,45.16 3 0
github.com/anazibinurasheed/project-device-mart/pkg/api/handler/cart.go:45.16,49.3 3 0
github.com/anazibinurasheed/project-device-mart/pkg/api/handler/cart.go:51.2,52.33 2 0
github.com/anazibinurasheed/project-device-mart/pkg/api/handler/cart.go:66.49,83.16 3 0
github.com/anazibinurasheed/project-device-mart/pkg/api/handler/cart.go:83.16,87.3 3 0
github.com/anazibinurasheed/project-device-mart/pkg/api/handler/cart.go:89.2,90.33 2 0
github.com/anazibinurasheed/project-device-mart/pkg/api/handler/cart.go:105.58,107.16 2 0
github.com/anazibinurasheed/project-device-mart/pkg/api/handler/cart.go:107.16,111.3 3 0
github.com/anazibinurasheed/project-device-mart/pkg/api/handler/cart.go:113.2,116.16 3 0
github.com/anazibinurasheed/project-device-mart/pkg/api/handler/cart.go:116.16,120.3 3 0
github.com/anazibinurasheed/project-device-mart/pkg/api/handler/cart.go:122.2,123.33 2 0
github.com/anazibinurasheed/project-device-mart/pkg/api/handler/cart.go:137.58,139.16 2 0
github.com/anazibinurasheed/project-device-mart/pkg/api/handler/cart.go:139.16,143.3 3 0
github.com/anazibinurasheed/project-device-mart/pkg/api/handler/cart.go:145.2,148.16 3 0
github.com/anazibinurasheed/project-device-mart/pkg/api/handler/cart.go:148.16,152.3 3 0
github.com/anazibinurasheed/project-device-mart/pkg/api/handler/cart.go:154.2,155.33 2 0
github.com/anazibinurasheed/project-device-mart/pkg/api/handler/cart.go:169.55,171.16 2 0
github.com/anazibinurasheed/project-device-mart/pkg/api/handler/cart.go:171.16,175.3 3 0
github.com/anazibinurasheed/project-device-mart/pkg/api/handler/cart.go:177.2,180.16 3 0
github.com/anazibinurasheed/project-device-mart/pkg/api/handler/cart.go:180.16,184.3 3 0
github.com/anazibinurasheed/project-device-mart/pkg/api/handler/cart.go:186.2,187.33 2 0
github.com/anazibinurasheed/project-device-mart/pkg/api/handler/common.go:23.70,27.2 1 0
github.com/anazibinurasheed/project-device-mart/pkg/api/handler/common.go:59.57,61.48 2 0
github.com/anazibinurasheed/project-device-mart/pkg/api/handler/common.go:61.48,65.3 3 0
github.com/anazibinurasheed/project-device-mart/pkg/api/handler/common.go:67.2,68.16 2 0
github.com/anazibinurasheed/project-device-mart/pkg/api/handler/common.go:68.16,72.3 3 0
github.com/anazibinurasheed/project-device-mart/pkg/api/handler/common.go:74.2,80.39 6 0
github.com/anazibinurasheed/project-device-mart/pkg/api/handler/common.go:95.55,98.48 2 0
github.com/anazibinurasheed/project-device-mart/pkg/api/handler/common.go:98.48,102.3 3 0
github.com/anazibinurasheed/project-device-mart/pkg/api/handler/common.go:104.2,107.9 4 0
github.com/anazibinurasheed/project-device-mart/pkg/api/handler/common.go:107.9,111.3 3 0
github.com/anazibinurasheed/project-device-mart/pkg/api/handler/common.go:113.2,114.16 2 0
github.com/anazibinurasheed/project-device-mart/pkg/api/handler/common.go:114.16,118.3 3 0
github.com/anazibinurasheed/project-device-mart/pkg/api/handler/common.go:120.2,120.27 1 0
github.com/anazibinurasheed/project-device-mart/pkg/api/handler/common.go:120.27,124.3 3 0
github.com/anazibinurasheed/project-device-mart/pkg/api/handler/common.go:126.2,132.39 6 0
github.com/anazibinurasheed/project-device-mart/pkg/api/handler/common.go:142.49,149.2 5 0
github.com/anazibinurasheed/project-device-mart/pkg/api/handler/common.go:151.55,154.16 2 0
github.com/anazibinurasheed/project-device-mart/pkg/api/handler/common.go:154.16,160.3 2 0
github.com/anazibinurasheed/project-device-mart/pkg/api/handler/common.go:162.2,162.84 1 0
github.com/anazibinurasheed/project-device-mart/pkg/api/handler/common.go:162.84,164.10 2 0
github.com/anazibinurasheed/project-device-mart/pkg/api/handler/common.go:164.10,166.4 1 0
github.com/anazibinurasheed/project-device-mart/pkg/api/handler/common.go:167.3,167.51 1 0
github.com/anazibinurasheed/project-device-mart/pkg/api/handler/common.go:170.2,172.25 2 0
github.com/anazibinurasheed/project-device-mart/pkg/api/handler/common.go:172.25,177.3 1 0
github.com/anazibinurasheed/project-device-mart/pkg/api/handler/common.go:179.2,179.78 1 0
github.com/anazibinurasheed/project-device-mart/pkg/api/handler/common.go:179.78,184.3 2 0
github.com/anazibinurasheed/project-device-mart/pkg/api/handler/common.go:185.2,187.16 3 0
github.com/anazibinurasheed/project-device-mart/pkg/api/handler/common.go:187.16,192.3 2 0
github.com/anazibinurasheed/project-device-mart/pkg/api/handler/common.go:193.2,195.81 3 0
github.com/anazibinurasheed/project-device-mart/pkg/api/handler/coupon.go:19.70,23.2 1 0
github.com/anazibinurasheed/project-device-mart/pkg/api/handler/coupon.go:37.55,39.48 2 0
github.com/anazibinurasheed/project-device-mart/pkg/api/handler/coupon.go:39.48,43.3 3 0
github.com/anazibinurasheed/project-device-mart/pkg/api/handler/coupon.go:45.2,46.16 2 0
github.com/anazibinurasheed/project-device-mart/pkg/api/handler/coupon.go:46.16,51.3 3 0
github.com/anazibinurasheed/project-device-mart/pkg/api/handler/coupon.go:53.2,54.16 2 0
github.com/anazibinurasheed/project-device-mart/pkg/api/handler/coupon.go:54.16,58.3 3 0
github.com/anazibinurasheed/project-device-mart/pkg/api/handler/coupon.go:60.2,61.38 2 0
github.com/anazibinurasheed/project-device-mart/pkg/api/handler/coupon.go:77.55,79.48 2 0
github.com/anazibinurasheed/project-device-mart/pkg/api/handler/coupon.go:79.48,83.3 3 0
github.com/anazibinurasheed/project-device-mart/pkg/api/handler/coupon.go:84.2,85.16 2 0
github.com/anazibinurasheed/project-device-mart/pkg/api/handler/coupon.go:85.16,89.3 3 0
github.com/anazibinurasheed/project-device-mart/pkg/api/handler/coupon.go:91.2,92.16 2 0
github.com/anazibinurasheed/project-device-mart/pkg/api/handler/coupon.go:92.16,96.3 3 0
github.com/anazibinurasheed/project-device-mart/pkg/api/handler/coupon.go:98.2,99.16 2 0
github.com/anazibinurasheed/project-device-mart/pkg/api/handler/coupon.go:99.16,103.3 3 0
github.com/anazibinurasheed/project-device-mart/pkg/api/handler/coupon.go:105.2,106.33 2 0
github.com/anazibinurasheed/project-device-mart/pkg/api/handler/coupon.go:120.54,122.16 2 0
github.com/anazibinurasheed/project-device-mart/pkg/api/handler/coupon.go:122.16,126.3 3 0
github.com/anazibinurasheed/project-device-mart/pkg/api/handler/coupon.go:128.2,129.16 2 0
github.com/anazibinurasheed/project-device-mart/pkg/api/handler/coupon.go:129.16,133.3 3 0
github.com/anazibinurasheed/project-device-mart/pkg/api/handler/coupon.go:135.2,136.33 2 0
github.com/anazibinurasheed/project-device-mart/pkg/api/handler/coupon.go:150.56,152.16 2 0
github.com/anazibinurasheed/project-device-mart/pkg/api/handler/coupon.go:152.16,156.3 3 0
github.com/anazibinurasheed/project-device-mart/pkg/api/handler/coupon.go:158.2,159.16 2 0
github.com/anazibinurasheed/project-device-mart/pkg/api/handler/coupon.go:159.16,163.3 3 0
github.com/anazibinurasheed/project-device-mart/pkg/api/handler/coupon.go:165.2,166.33 2 0
github.com/anazibinurasheed/project-device-mart/pkg/api/handler/coupon.go:178.67,180.16 2 0
github.com/anazibinurasheed/project-device-mart/pkg/api/handler/coupon.go:180.16,184.3 3 0
github.com/anazibinurasheed/project-device-mart/pkg/api/handler/coupon.go:186.2,187.33 2 0
github.com/anazibinurasheed/project-device-mart/pkg/api/handler/coupon.go:202.54,204.48 2 0
github.com/anazibinurasheed/project-device-mart/pkg/api/handler/coupon.go:204.48,208.3 3 0
github.com/anazibinurasheed/project-device-mart/pkg/api/handler/coupon.go:210.2,213.16 3 0
github.com/anazibinurasheed/project-device-mart/pkg/api/handler/coupon.go:213.16,217.3 3 0
github.com/anazibinurasheed/project-device-mart/pkg/api/handler/coupon.go:219.2,220.33 2 0
github.com/anazibinurasheed/project-device-mart/pkg/api/handler/coupon.go:232.72,236.16 3 0
github.com/anazibinurasheed/project-device-mart/pkg/api/handler/coupon.go:236.16,240.3 3 0
github.com/anazibinurasheed/project-device-mart/pkg/api/handler/coupon.go:242.2,242.31 1 0
github.com/anazibinurasheed/project-device-mart/pkg/api/handler/coupon.go:242.31,246.3 3 0
github.com/anazibinurasheed/project-device-mart/pkg/api/handler/coupon.go:248.2,249.33 2 0
github.com/anazibinurasheed/project-device-mart/pkg/api/handler/coupon.go:263.62,265.16 2 0
github.com/anazibinurasheed/project-device-mart/pkg/api/handler/coupon.go:265.16,269.3 3 0
github.com/anazibinurasheed/project-device-mart/pkg/api/handler/coupon.go:271.2,273.16 3 0
github.com/anazibinurasheed/project-device-mart/pkg/api/handler/coupon.go:273.16,277.3 3 0
github.com/anazibinurasheed/project-device-mart/pkg/api/handler/coupon.go:279.2,280.33 2 0
github.com/anazibinurasheed/project-device-mart/pkg/api/handler/order.go:19.67,23.2 1 0
github.com/anazibinurasheed/project-device-mart/pkg/api/handler/order.go:34.54,38.16 3 0
github.com/anazibinurasheed/project-device-mart/pkg/api/handler/order.go:38.16,42.3 3 0
github.com/anazibinurasheed/project-device-mart/pkg/api/handler/order.go:44.2,45.33 2 0
github.com/anazibinurasheed/project-device-mart/pkg/api/handler/order.go:58.60,63.16 3 0
github.com/anazibinurasheed/project-device-mart/pkg/api/handler/order.go:63.16,67.3 3 0
github.com/anazibinurasheed/project-device-mart/pkg/api/handler/order.go:69.2,70.33 2 0
github.com/anazibinurasheed/project-device-mart/pkg/api/handler/order.go:83.61,86.16 3 0
github.com/anazibinurasheed/project-device-mart/pkg/api/handler/order.go:86.16,90.3 3 0
github.com/anazibinurasheed/project-device-mart/pkg/api/handler/order.go:92.2,96.4 1 0
github.com/anazibinurasheed/project-device-mart/pkg/api/handler/order.go:111.63,113.42 2 0
github.com/anazibinurasheed/project-device-mart/pkg/api/handler/order.go:113.42,117.3 3 0
github.com/anazibinurasheed/project-device-mart/pkg/api/handler/order.go:119.2,122.16 3 0
github.com/anazibinurasheed/project-device-mart/pkg/api/handler/order.go:122.16,127.3 3 0
github.com/anazibinurasheed/project-device-mart/pkg/api/handler/order.go:128.2,129.16 2 0
github.com/anazibinurasheed/project-device-mart/pkg/api/handler/order.go:129.16,133.3 3 0
github.com/anazibinurasheed/project-device-mart/pkg/api/handler/order.go:135.2,136.33 2 0
github.com/anazibinurasheed/project-device-mart/pkg/api/handler/order.go:150.58,152.16 2 0
github.com/anazibinurasheed/project-device-mart/pkg/api/handler/order.go:152.16,156.3 3 0
github.com/anazibinurasheed/project-device-mart/pkg/api/handler/order.go:158.2,159.16 2 0
github.com/anazibinurasheed/project-device-mart/pkg/api/handler/order.go:159.16,163.3 3 0
github.com/anazibinurasheed/project-device-mart/pkg/api/handler/order.go:165.2,168.16 3 0
github.com/anazibinurasheed/project-device-mart/pkg/api/handler/order.go:168.16,172.3 3 0
github.com/anazibinurasheed/project-device-mart/pkg/api/handler/order.go:174.2,174.28 1 0
github.com/anazibinurasheed/project-device-mart/pkg/api/handler/order.go:174.28,178.3 3 0
github.com/anazibinurasheed/project-device-mart/pkg/api/handler/order.go:180.2,181.33 2 0
github.com/anazibinurasheed/project-device-mart/pkg/api/handler/order.go:195.64,197.16 2 0
github.com/anazibinurasheed/project-device-mart/pkg/api/handler/order.go:197.16,201.3 3 0
github.com/anazibinurasheed/project-device-mart/pkg/api/handler/order.go:203.2,204.16 2 0
github.com/anazibinurasheed/project-device-mart/pkg/api/handler/order.go:204.16,208.3 3 0
github.com/anazibinurasheed/project-device-mart/pkg/api/handler/order.go:210.2,211.16 2 0
github.com/anazibinurasheed/project-device-mart/pkg/api/handler/order.go:211.16,215.3 3 0
github.com/anazibinurasheed/project-device-mart/pkg/api/handler/order.go:217.2,218.33 2 0
github.com/anazibinurasheed/project-device-mart/pkg/api/handler/order.go:232.65,234.16 2 0
github.com/anazibinurasheed/project-device-mart/pkg/api/handler/order.go:234.16,238.3 3 0
github.com/anazibinurasheed/project-device-mart/pkg/api/handler/order.go:240.2,241.16 2 0
github.com/anazibinurasheed/project-device-mart/pkg/api/handler/order.go:241.16,245.3 3 0
github.com/anazibinurasheed/project-device-mart/pkg/api/handler/order.go:247.2,248.16 2 0
github.com/anazibinurasheed/project-device-mart/pkg/api/handler/order.go:248.16,252.3 3 0
github.com/anazibinurasheed/project-device-mart/pkg/api/handler/order.go:254.2,254.25 1 0
github.com/anazibinurasheed/project-device-mart/pkg/api/handler/order.go:254.25,258.3 3 0
github.com/anazibinurasheed/project-device-mart/pkg/api/handler/order.go:260.2,261.33 2 0
github.com/anazibinurasheed/project-device-mart/pkg/api/handler/order.go:276.59,278.16 2 0
github.com/anazibinurasheed/project-device-mart/pkg/api/handler/order.go:278.16,282.3 3 0
github.com/anazibinurasheed/project-device-mart/pkg/api/handler/order.go:283.2,287.16 4 0
github.com/anazibinurasheed/project-device-mart/pkg/api/handler/order.go:287.16,291.3 3 0
github.com/anazibinurasheed/project-device-mart/pkg/api/handler/order.go:292.2,294.16 3 0
github.com/anazibinurasheed/project-device-mart/pkg/api/handler/order.go:294.16,298.3 3 0
github.com/anazibinurasheed/project-device-mart/pkg/api/handler/order.go:300.2,301.33 2 0
github.com/anazibinurasheed/project-device-mart/pkg/api/handler/order.go:318.53,320.16 2 0
github.com/anazibinurasheed/project-device-mart/pkg/api/handler/order.go:320.16,324.3 3 0
github.com/anazibinurasheed/project-device-mart/pkg/api/handler/order.go:326.2,327.16 2 0
github.com/anazibinurasheed/project-device-mart/pkg/api/handler/order.go:327.16,331.3 3 0
github.com/anazibinurasheed/project-device-mart/pkg/api/handler/order.go:333.2,334.33 2 0
github.com/anazibinurasheed/project-device-mart/pkg/api/handler/order.go:350.53,352.16 2 0
github.com/anazibinurasheed/project-device-mart/pkg/api/handler/order.go:352.16,356.3 3 0
github.com/anazibinurasheed/project-device-mart/pkg/api/handler/order.go:357.2,358.16 2 0
github.com/anazibinurasheed/project-device-mart/pkg/api/handler/order.go:358.16,362.3 3 0
github.com/anazibinurasheed/project-device-mart/pkg/api/handler/order.go:363.2,364.33 2 0
github.com/anazibinurasheed/project-device-mart/pkg/api/handler/order.go:378.57,381.16 2 0
github.com/anazibinurasheed/project-device-mart/pkg/api/handler/order.go:381.16,385.3 3 0
github.com/anazibinurasheed/project-device-mart/pkg/api/handler/order.go:387.2,388.16 2 0
github.com/anazibinurasheed/project-device-mart/pkg/api/handler/order.go:388.16,392.3 3 0
github.com/anazibinurasheed/project-device-mart/pkg/api/handler/order.go:395.2,399.51 3 0
github.com/anazibinurasheed/project-device-mart/pkg/api/handler/order.go:412.58,416.16 3 0
github.com/anazibinurasheed/project-device-mart/pkg/api/handler/order.go:416.16,420.3 3 0
github.com/anazibinurasheed/project-device-mart/pkg/api/handler/order.go:422.2,423.33 2 0
github.com/anazibinurasheed/project-device-mart/pkg/api/handler/order.go:436.56,440.16 3 0
github.com/anazibinurasheed/project-device-mart/pkg/api/handler/order.go:440.16,444.3 3 0
github.com/anazibinurasheed/project-device-mart/pkg/api/handler/order.go:446.2,447.33 2 0
github.com/anazibinurasheed/project-device-mart/pkg/api/handler/order.go:450.56,466.47 2 0
github.com/anazibinurasheed/project-device-mart/pkg/api/handler/order.go:466.47,469.3 2 0
github.com/anazibinurasheed/project-device-mart/pkg/api/handler/order.go:472.2,473.19 2 0
github.com/anazibinurasheed/project-device-mart/pkg/api/handler/order.go:475.28,480.64 4 0
github.com/anazibinurasheed/project-device-mart/pkg/api/handler/order.go:481.24,485.60 2 0
github.com/anazibinurasheed/project-device-mart/pkg/api/handler/order.go:486.10,488.60 1 0
github.com/anazibinurasheed/project-device-mart/pkg/api/handler/order.go:502.55,505.16 3 0
github.com/anazibinurasheed/project-device-mart/pkg/api/handler/order.go:505.16,509.3 3 0
github.com/anazibinurasheed/project-device-mart/pkg/api/handler/order.go:511.2,512.16 2 0
github.com/anazibinurasheed/project-device-mart/pkg/api/handler/order.go:512.16,516.3 3 0
github.com/anazibinurasheed/project-device-mart/pkg/api/handler/order.go:518.2,519.33 2 0
github.com/anazibinurasheed/project-device-mart/pkg/api/handler/order.go:522.63,524.2 0 0
github.com/anazibinurasheed/project-device-mart/pkg/api/handler/payment.go:13.69,17.2 1 0
github.com/anazibinurasheed/project-device-mart/pkg/api/handler/product.go:18.73,20.2 1 0
github.com/anazibinurasheed/project-device-mart/pkg/api/handler/product.go:34.58,36.42 2 0
github.com/anazibinurasheed/project-device-mart/pkg/api/handler/product.go:36.42,40.3 3 0
github.com/anazibinurasheed/project-device-mart/pkg/api/handler/product.go:41.2,42.16 2 0
github.com/anazibinurasheed/project-device-mart/pkg/api/handler/product.go:42.16,46.3 3 0
github.com/anazibinurasheed/project-device-mart/pkg/api/handler/product.go:48.2,49.33 2 0
github.com/anazibinurasheed/project-device-mart/pkg/api/handler/product.go:63.61,65.16 2 0
github.com/anazibinurasheed/project-device-mart/pkg/api/handler/product.go:65.16,69.3 3 0
github.com/anazibinurasheed/project-device-mart/pkg/api/handler/product.go:70.2,71.16 2 0
github.com/anazibinurasheed/project-device-mart/pkg/api/handler/product.go:71.16,75.3 3 0
github.com/anazibinurasheed/project-device-mart/pkg/api/handler/product.go:77.2,78.16 2 0
github.com/anazibinurasheed/project-device-mart/pkg/api/handler/product.go:78.16,82.3 3 0
github.com/anazibinurasheed/project-device-mart/pkg/api/handler/product.go:84.2,84.35 1 0
github.com/anazibinurasheed/project-device-mart/pkg/api/handler/product.go:84.35,88.3 3 0
github.com/anazibinurasheed/project-device-mart/pkg/api/handler/product.go:90.2,91.33 2 0
github.com/anazibinurasheed/project-device-mart/pkg/api/handler/product.go:107.58,109.42 2 0
github.com/anazibinurasheed/project-device-mart/pkg/api/handler/product.go:109.42,113.3 3 0
github.com/anazibinurasheed/project-device-mart/pkg/api/handler/product.go:115.2,116.16 2 0
github.com/anazibinurasheed/project-device-mart/pkg/api/handler/product.go:116.16,120.3 3 0
github.com/anazibinurasheed/project-device-mart/pkg/api/handler/product.go:122.2,123.16 2 0
github.com/anazibinurasheed/project-device-mart/pkg/api/handler/product.go:123.16,127.3 3 0
github.com/anazibinurasheed/project-device-mart/pkg/api/handler/product.go:129.2,130.33 2 0
github.com/anazibinurasheed/project-device-mart/pkg/api/handler/product.go:144.57,146.16 2 0
github.com/anazibinurasheed/project-device-mart/pkg/api/handler/product.go:146.16,150.3 3 0
github.com/anazibinurasheed/project-device-mart/pkg/api/handler/product.go:152.2,153.16 2 0
github.com/anazibinurasheed/project-device-mart/pkg/api/handler/product.go:153.16,157.3 3 0
github.com/anazibinurasheed/project-device-mart/pkg/api/handler/product.go:159.2,160.33 2 0
github.com/anazibinurasheed/project-device-mart/pkg/api/handler/product.go:175.59,177.16 2 0
github.com/anazibinurasheed/project-device-mart/pkg/api/handler/product.go:177.16,181.3 3 0
github.com/anazibinurasheed/project-device-mart/pkg/api/handler/product.go:183.2,184.16 2 0
github.com/anazibinurasheed/project-device-mart/pkg/api/handler/product.go:184.16,188.3 3 0
github.com/anazibinurasheed/project-device-mart/pkg/api/handler/product.go:190.2,191.33 2 0
github.com/anazibinurasheed/project-device-mart/pkg/api/handler/product.go:208.57,210.42 2 0
github.com/anazibinurasheed/project-device-mart/pkg/api/handler/product.go:210.42,214.3 3 0
github.com/anazibinurasheed/project-device-mart/pkg/api/handler/product.go:216.2,217.16 2 0
github.com/anazibinurasheed/project-device-mart/pkg/api/handler/product.go:217.16,221.3 3 0
github.com/anazibinurasheed/project-device-mart/pkg/api/handler/product.go:223.2,226.16 3 0
github.com/anazibinurasheed/project-device-mart/pkg/api/handler/product.go:226.16,230.3 3 0
github.com/anazibinurasheed/project-device-mart/pkg/api/handler/product.go:231.2,231.16 1 0
github.com/anazibinurasheed/project-device-mart/pkg/api/handler/product.go:231.16,235.3 3 0
github.com/anazibinurasheed/project-device-mart/pkg/api/handler/product.go:237.2,238.33 2 0
github.com/anazibinurasheed/project-device-mart/pkg/api/handler/product.go:254.69,256.16 2 0
github.com/anazibinurasheed/project-device-mart/pkg/api/handler/product.go:256.16,260.3 3 0
github.com/anazibinurasheed/project-device-mart/pkg/api/handler/product.go:262.2,263.16 2 0
github.com/anazibinurasheed/project-device-mart/pkg/api/handler/product.go:263.16,267.3 3 0
github.com/anazibinurasheed/project-device-mart/pkg/api/handler/product.go:269.2,270.16 2 0
github.com/anazibinurasheed/project-device-mart/pkg/api/handler/product.go:270.16,275.3 3 0
github.com/anazibinurasheed/project-device-mart/pkg/api/handler/product.go:277.2,277.24 1 0
github.com/anazibinurasheed/project-device-mart/pkg/api/handler/product.go:277.24,281.3 3 0
github.com/anazibinurasheed/project-device-mart/pkg/api/handler/product.go:283.2,284.33 2 0
github.com/anazibinurasheed/project-device-mart/pkg/api/handler/product.go:300.57,302.42 2 0
github.com/anazibinurasheed/project-device-mart/pkg/api/handler/product.go:302.42,306.3 3 0
github.com/anazibinurasheed/project-device-mart/pkg/api/handler/product.go:308.2,309.16 2 0
github.com/anazibinurasheed/project-device-mart/pkg/api/handler/product.go:309.16,313.3 3 0
github.com/anazibinurasheed/project-device-mart/pkg/api/handler/product.go:315.2,316.16 2 0
github.com/anazibinurasheed/project-device-mart/pkg/api/handler/product.go:316.16,320.3 3 0
github.com/anazibinurasheed/project-device-mart/pkg/api/handler/product.go:322.2,323.33 2 0
github.com/anazibinurasheed/project-device-mart/pkg/api/handler/product.go:338.56,340.16 2 0
github.com/anazibinurasheed/project-device-mart/pkg/api/handler/product.go:340.16,344.3 3 0
github.com/anazibinurasheed/project-device-mart/pkg/api/handler/product.go:346.2,347.16 2 0
github.com/anazibinurasheed/project-device-mart/pkg/api/handler/product.go:347.16,351.3 3 0
github.com/anazibinurasheed/project-device-mart/pkg/api/handler/product.go:353.2,354.33 2 0
github.com/anazibinurasheed/project-device-mart/pkg/api/handler/product.go:368.58,370.16 2 0
github.com/anazibinurasheed/project-device-mart/pkg/api/handler/product.go:370.16,374.3 3 0
github.com/anazibinurasheed/project-device-mart/pkg/api/handler/product.go:376.2,377.16 2 0
github.com/anazibinurasheed/project-device-mart/pkg/api/handler/product.go:377.16,381.3 3 0
github.com/anazibinurasheed/project-device-mart/pkg/api/handler/product.go:383.2,384.33 2 0
github.com/anazibinurasheed/project-device-mart/pkg/api/handler/product.go:401.68,403.16 2 0
github.com/anazibinurasheed/project-device-mart/pkg/api/handler/product.go:403.16,407.3 3 0
github.com/anazibinurasheed/project-device-mart/pkg/api/handler/product.go:409.2,410.16 2 0
github.com/anazibinurasheed/project-device-mart/pkg/api/handler/product.go:410.16,414.3 3 0
github.com/anazibinurasheed/project-device-mart/pkg/api/handler/product.go:416.2,417.16 2 0
github.com/anazibinurasheed/project-device-mart/pkg/api/handler/product.go:417.16,421.3 3 0
github.com/anazibinurasheed/project-device-mart/pkg/api/handler/product.go:423.2,423.24 1 0
github.com/anazibinurasheed/project-device-mart/pkg/api/handler/product.go:423.24,427.3 3 0
github.com/anazibinurasheed/project-device-mart/pkg/api/handler/product.go:429.2,430.33 2 0
github.com/anazibinurasheed/project-device-mart/pkg/api/handler/product.go:444.59,446.16 2 0
github.com/anazibinurasheed/project-device-mart/pkg/api/handler/product.go:446.16,450.3 3 0
github.com/anazibinurasheed/project-device-mart/pkg/api/handler/product.go:452.2,453.16 2 0
github.com/anazibinurasheed/project-device-mart/pkg/api/handler/product.go:453.16,457.3 3 0
github.com/anazibinurasheed/project-device-mart/pkg/api/handler/product.go:459.2,460.33 2 0
github.com/anazibinurasheed/project-device-mart/pkg/api/handler/product.go:475.65,477.16 2 0
github.com/anazibinurasheed/project-device-mart/pkg/api/handler/product.go:477.16,481.3 3 0
github.com/anazibinurasheed/project-device-mart/pkg/api/handler/product.go:483.2,485.16 3 0
github.com/anazibinurasheed/project-device-mart/pkg/api/handler/product.go:485.16,489.3 3 0
github.com/anazibinurasheed/project-device-mart/pkg/api/handler/product.go:491.2,492.33 2 0
github.com/anazibinurasheed/project-device-mart/pkg/api/handler/product.go:509.60,511.42 2 0
github.com/anazibinurasheed/project-device-mart/pkg/api/handler/product.go:511.42,515.3 3 0
github.com/anazibinurasheed/project-device-mart/pkg/api/handler/product.go:517.2,517.48 1 0
github.com/anazibinurasheed/project-device-mart/pkg/api/handler/product.go:517.48,521.3 3 0
github.com/anazibinurasheed/project-device-mart/pkg/api/handler/product.go:523.2,524.16 2 0
github.com/anazibinurasheed/project-device-mart/pkg/api/handler/product.go:524.16,529.3 3 0
github.com/anazibinurasheed/project-device-mart/pkg/api/handler/product.go:531.2,534.16 3 0
github.com/anazibinurasheed/project-device-mart/pkg/api/handler/product.go:534.16,538.3 3 0
github.com/anazibinurasheed/project-device-mart/pkg/api/handler/product.go:540.2,541.33 2 0
github.com/anazibinurasheed/project-device-mart/pkg/api/handler/product.go:558.58,560.16 2 0
github.com/anazibinurasheed/project-device-mart/pkg/api/handler/product.go:560.16,564.3 3 0
github.com/anazibinurasheed/project-device-mart/pkg/api/handler/product.go:566.2,567.16 2 0
github.com/anazibinurasheed/project-device-mart/pkg/api/handler/product.go:567.16,571.3 3 0
github.com/anazibinurasheed/project-device-mart/pkg/api/handler/product.go:573.2,576.16 3 0
github.com/anazibinurasheed/project-device-mart/pkg/api/handler/product.go:576.16,580.3 3 0
github.com/anazibinurasheed/project-device-mart/pkg/api/handler/product.go:582.2,582.24 1 0
github.com/anazibinurasheed/project-device-mart/pkg/api/handler/product.go:582.24,586.3 3 0
github.com/anazibinurasheed/project-device-mart/pkg/api/handler/product.go:588.2,589.33 2 0
github.com/anazibinurasheed/project-device-mart/pkg/api/handler/product.go:606.66,608.16 2 0
github.com/anazibinurasheed/project-device-mart/pkg/api/handler/product.go:608.16,612.3 3 0
github.com/anazibinurasheed/project-device-mart/pkg/api/handler/product.go:614.2,615.16 2 0
github.com/anazibinurasheed/project-device-mart/pkg/api/handler/product.go:615.16,619.3 3 0
github.com/anazibinurasheed/project-device-mart/pkg/api/handler/product.go:621.2,622.16 2 0
github.com/anazibinurasheed/project-device-mart/pkg/api/handler/product.go:622.16,625.3 2 0
github.com/anazibinurasheed/project-device-mart/pkg/api/handler/product.go:627.2,628.16 2 0
github.com/anazibinurasheed/project-device-mart/pkg/api/handler/product.go:628.16,632.3 3 0
github.com/anazibinurasheed/project-device-mart/pkg/api/handler/product.go:634.2,635.41 2 0
github.com/anazibinurasheed/project-device-mart/pkg/api/handler/referral.go:17.76,21.2 1 0
github.com/anazibinurasheed/project-device-mart/pkg/api/handler/referral.go:32.60,35.16 3 0
github.com/anazibinurasheed/project-device-mart/pkg/api/handler/referral.go:35.16,39.3 3 0
github.com/anazibinurasheed/project-device-mart/pkg/api/handler/referral.go:41.2,42.33 2 0
github.com/anazibinurasheed/project-device-mart/pkg/api/handler/referral.go:60.62,62.48 2 0
github.com/anazibinurasheed/project-device-mart/pkg/api/handler/referral.go:62.48,66.3 3 0
github.com/anazibinurasheed/project-device-mart/pkg/api/handler/referral.go:68.2,71.16 3 0
github.com/anazibinurasheed/project-device-mart/pkg/api/handler/referral.go:71.16,75.3 3 0
github.com/anazibinurasheed/project-device-mart/pkg/api/handler/referral.go:77.2,79.16 2 0
github.com/anazibinurasheed/project-device-mart/pkg/api/handler/referral.go:79.16,83.3 3 0
github.com/anazibinurasheed/project-device-mart/pkg/api/handler/referral.go:85.2,86.33 2 0
github.com/anazibinurasheed/project-device-mart/pkg/api/handler/user.go:21.64,25.2 1 1
github.com/anazibinurasheed/project-device-mart/pkg/api/handler/user.go:38.50,40.48 2 1
github.com/anazibinurasheed/project-device-mart/pkg/api/handler/user.go:40.48,44.3 3 0
github.com/anazibinurasheed/project-device-mart/pkg/api/handler/user.go:48.2,51.9 4 1
github.com/anazibinurasheed/project-device-mart/pkg/api/handler/user.go:51.9,55.3 3 0
github.com/anazibinurasheed/project-device-mart/pkg/api/handler/user.go:57.2,58.16 2 1
github.com/anazibinurasheed/project-device-mart/pkg/api/handler/user.go:58.16,63.3 3 0
github.com/anazibinurasheed/project-device-mart/pkg/api/handler/user.go:65.2,68.16 3 1
github.com/anazibinurasheed/project-device-mart/pkg/api/handler/user.go:68.16,72.3 3 0
github.com/anazibinurasheed/project-device-mart/pkg/api/handler/user.go:74.2,79.33 5 1
github.com/anazibinurasheed/project-device-mart/pkg/api/handler/user.go:95.50,97.48 2 0
github.com/anazibinurasheed/project-device-mart/pkg/api/handler/user.go:97.48,101.3 3 0
github.com/anazibinurasheed/project-device-mart/pkg/api/handler/user.go:103.2,104.16 2 0
github.com/anazibinurasheed/project-device-mart/pkg/api/handler/user.go:104.16,108.3 3 0
github.com/anazibinurasheed/project-device-mart/pkg/api/handler/user.go:110.2,111.16 2 0
github.com/anazibinurasheed/project-device-mart/pkg/api/handler/user.go:111.16,115.3 3 0
github.com/anazibinurasheed/project-device-mart/pkg/api/handler/user.go:117.2,119.22 2 0
github.com/anazibinurasheed/project-device-mart/pkg/api/handler/user.go:119.22,121.3 1 0
github.com/anazibinurasheed/project-device-mart/pkg/api/handler/user.go:121.8,123.3 1 0
github.com/anazibinurasheed/project-device-mart/pkg/api/handler/user.go:125.2,131.33 6 0
github.com/anazibinurasheed/project-device-mart/pkg/api/handler/user.go:143.57,145.16 2 0
github.com/anazibinurasheed/project-device-mart/pkg/api/handler/user.go:145.16,149.3 3 0
github.com/anazibinurasheed/project-device-mart/pkg/api/handler/user.go:151.2,152.33 2 0
github.com/anazibinurasheed/project-device-mart/pkg/api/handler/user.go:167.51,169.48 2 0
github.com/anazibinurasheed/project-device-mart/pkg/api/handler/user.go:169.48,173.3 3 0
github.com/anazibinurasheed/project-device-mart/pkg/api/handler/user.go:175.2,178.16 3 0
github.com/anazibinurasheed/project-device-mart/pkg/api/handler/user.go:178.16,182.3 3 0
github.com/anazibinurasheed/project-device-mart/pkg/api/handler/user.go:184.2,185.33 2 0
github.com/anazibinurasheed/project-device-mart/pkg/api/handler/user.go:201.54,203.48 2 0
github.com/anazibinurasheed/project-device-mart/pkg/api/handler/user.go:203.48,207.3 3 0
github.com/anazibinurasheed/project-device-mart/pkg/api/handler/user.go:209.2,210.16 2 0
github.com/anazibinurasheed/project-device-mart/pkg/api/handler/user.go:210.16,214.3 3 0
github.com/anazibinurasheed/project-device-mart/pkg/api/handler/user.go:216.2,219.16 3 0
github.com/anazibinurasheed/project-device-mart/pkg/api/handler/user.go:219.16,223.3 3 0
github.com/anazibinurasheed/project-device-mart/pkg/api/handler/user.go:225.2,226.41 2 0
github.com/anazibinurasheed/project-device-mart/pkg/api/handler/user.go:239.54,241.16 2 0
github.com/anazibinurasheed/project-device-mart/pkg/api/handler/user.go:241.16,245.3 3 0
github.com/anazibinurasheed/project-device-mart/pkg/api/handler/user.go:247.2,248.16 2 0
github.com/anazibinurasheed/project-device-mart/pkg/api/handler/user.go:248.16,252.3 3 0
github.com/anazibinurasheed/project-device-mart/pkg/api/handler/user.go:254.2,255.33 2 0
github.com/anazibinurasheed/project-device-mart/pkg/api/handler/user.go:267.55,271.16 3 0
github.com/anazibinurasheed/project-device-mart/pkg/api/handler/user.go:271.16,275.3 3 0
github.com/anazibinurasheed/project-device-mart/pkg/api/handler/user.go:277.2,278.33 2 0
github.com/anazibinurasheed/project-device-mart/pkg/api/handler/user.go:290.48,294.16 3 0
github.com/anazibinurasheed/project-device-mart/pkg/api/handler/user.go:294.16,298.3 3 0
github.com/anazibinurasheed/project-device-mart/pkg/api/handler/user.go:300.2,301.33 2 0
github.com/anazibinurasheed/project-device-mart/pkg/api/handler/user.go:317.62,319.48 2 0
github.com/anazibinurasheed/project-device-mart/pkg/api/handler/user.go:319.48,323.3 3 0
github.com/anazibinurasheed/project-device-mart/pkg/api/handler/user.go:325.2,328.16 3 0
github.com/anazibinurasheed/project-device-mart/pkg/api/handler/user.go:328.16,332.3 3 0
github.com/anazibinurasheed/project-device-mart/pkg/api/handler/user.go:334.2,335.16 2 0
github.com/anazibinurasheed/project-device-mart/pkg/api/handler/user.go:335.16,339.3 3 0
github.com/anazibinurasheed/project-device-mart/pkg/api/handler/user.go:341.2,346.33 5 0
github.com/anazibinurasheed/project-device-mart/pkg/api/handler/user.go:361.55,363.48 2 0
github.com/anazibinurasheed/project-device-mart/pkg/api/handler/user.go:363.48,367.3 3 0
github.com/anazibinurasheed/project-device-mart/pkg/api/handler/user.go:369.2,372.16 3 0
github.com/anazibinurasheed/project-device-mart/pkg/api/handler/user.go:372.16,376.3 3 0
github.com/anazibinurasheed/project-device-mart/pkg/api/handler/user.go:378.2,381.33 3 0
github.com/anazibinurasheed/project-device-mart/pkg/api/handler/user.go:395.58,397.34 2 0
github.com/anazibinurasheed/project-device-mart/pkg/api/handler/user.go:397.34,401.3 3 0
github.com/anazibinurasheed/project-device-mart/pkg/api/handler/user.go:403.2,406.16 3 0
github.com/anazibinurasheed/project-device-mart/pkg/api/handler/user.go:406.16,410.3 3 0
github.com/anazibinurasheed/project-device-mart/pkg/api/handler/user.go:412.2,413.33 2 0
github.com/anazibinurasheed/project-device-mart/pkg/api/handler/user.go:429.53,431.48 2 0
github.com/anazibinurasheed/project-device-mart/pkg/api/handler/user.go:431.48,435.3 3 0
github.com/anazibinurasheed/project-device-mart/pkg/api/handler/user.go:437.2,440.16 3 0
github.com/anazibinurasheed/project-device-mart/pkg/api/handler/user.go:440.16,444.3 3 0
github.com/anazibinurasheed/project-device-mart/pkg/api/handler/user.go:446.2,447.33 2 0
github.com/anazibinurasheed/project-device-mart/pkg/usecase/admin.go:18.124,23.2 1 0
github.com/anazibinurasheed/project-device-mart/pkg/usecase/admin.go:25.69,28.16 2 0
github.com/anazibinurasheed/project-device-mart/pkg/usecase/admin.go:28.16,30.3 1 0
github.com/anazibinurasheed/project-device-mart/pkg/usecase/admin.go:32.2,35.16 3 0
github.com/anazibinurasheed/project-device-mart/pkg/usecase/admin.go:35.16,37.3 1 0
github.com/anazibinurasheed/project-device-mart/pkg/usecase/admin.go:38.2,38.23 1 0
github.com/anazibinurasheed/project-device-mart/pkg/usecase/admin.go:38.23,40.3 1 0
github.com/anazibinurasheed/project-device-mart/pkg/usecase/admin.go:42.2,42.12 1 0
github.com/anazibinurasheed/project-device-mart/pkg/usecase/admin.go:45.79,47.16 2 0
github.com/anazibinurasheed/project-device-mart/pkg/usecase/admin.go:47.16,49.3 1 0
github.com/anazibinurasheed/project-device-mart/pkg/usecase/admin.go:50.2,50.56 1 0
github.com/anazibinurasheed/project-device-mart/pkg/usecase/admin.go:50.56,53.3 1 0
github.com/anazibinurasheed/project-device-mart/pkg/usecase/admin.go:53.8,53.119 1 0
github.com/anazibinurasheed/project-device-mart/pkg/usecase/admin.go:53.119,56.3 1 0
github.com/anazibinurasheed/project-device-mart/pkg/usecase/admin.go:56.8,58.3 1 0
github.com/anazibinurasheed/project-device-mart/pkg/usecase/admin.go:61.71,64.16 2 0
github.com/anazibinurasheed/project-device-mart/pkg/usecase/admin.go:64.16,66.3 1 0
github.com/anazibinurasheed/project-device-mart/pkg/usecase/admin.go:68.2,68.31 1 0
github.com/anazibinurasheed/project-device-mart/pkg/usecase/admin.go:71.53,73.16 2 0
github.com/anazibinurasheed/project-device-mart/pkg/usecase/admin.go:73.16,75.3 1 0
github.com/anazibinurasheed/project-device-mart/pkg/usecase/admin.go:76.2,76.12 1 0
github.com/anazibinurasheed/project-device-mart/pkg/usecase/admin.go:79.55,81.16 2 0
github.com/anazibinurasheed/project-device-mart/pkg/usecase/admin.go:81.16,83.3 1 0
github.com/anazibinurasheed/project-device-mart/pkg/usecase/admin.go:84.2,84.12 1 0
github.com/anazibinurasheed/project-device-mart/pkg/usecase/admin.go:87.83,89.16 2 0
github.com/anazibinurasheed/project-device-mart/pkg/usecase/admin.go:89.16,91.3 1 0
github.com/anazibinurasheed/project-device-mart/pkg/usecase/admin.go:92.2,92.18 1 0
github.com/anazibinurasheed/project-device-mart/pkg/usecase/cart.go:17.124,22.2 1 0
github.com/anazibinurasheed/project-device-mart/pkg/usecase/cart.go:24.67,27.16 3 0
github.com/anazibinurasheed/project-device-mart/pkg/usecase/cart.go:27.16,29.3 1 0
github.com/anazibinurasheed/project-device-mart/pkg/usecase/cart.go:30.2,30.22 1 0
github.com/anazibinurasheed/project-device-mart/pkg/usecase/cart.go:30.22,32.17 2 0
github.com/anazibinurasheed/project-device-mart/pkg/usecase/cart.go:32.17,34.4 1 0
github.com/anazibinurasheed/project-device-mart/pkg/usecase/cart.go:35.3,35.13 1 0
github.com/anazibinurasheed/project-device-mart/pkg/usecase/cart.go:38.2,39.36 2 0
github.com/anazibinurasheed/project-device-mart/pkg/usecase/cart.go:39.36,41.3 1 0
github.com/anazibinurasheed/project-device-mart/pkg/usecase/cart.go:42.2,42.12 1 0
github.com/anazibinurasheed/project-device-mart/pkg/usecase/cart.go:45.73,50.28 3 0
github.com/anazibinurasheed/project-device-mart/pkg/usecase/cart.go:50.28,53.3 2 0
github.com/anazibinurasheed/project-device-mart/pkg/usecase/cart.go:55.2,56.16 2 0
github.com/anazibinurasheed/project-device-mart/pkg/usecase/cart.go:56.16,58.3 1 0
github.com/anazibinurasheed/project-device-mart/pkg/usecase/cart.go:60.2,62.58 2 0
github.com/anazibinurasheed/project-device-mart/pkg/usecase/cart.go:62.58,65.17 3 0
github.com/anazibinurasheed/project-device-mart/pkg/usecase/cart.go:65.17,67.4 1 0
github.com/anazibinurasheed/project-device-mart/pkg/usecase/cart.go:68.3,70.46 3 0
github.com/anazibinurasheed/project-device-mart/pkg/usecase/cart.go:70.46,72.4 1 0
github.com/anazibinurasheed/project-device-mart/pkg/usecase/cart.go:73.3,73.54 1 0
github.com/anazibinurasheed/project-device-mart/pkg/usecase/cart.go:73.54,75.48 2 0
github.com/anazibinurasheed/project-device-mart/pkg/usecase/cart.go:75.48,77.5 1 0
github.com/anazibinurasheed/project-device-mart/pkg/usecase/cart.go:81.2,86.23 4 0
github.com/anazibinurasheed/project-device-mart/pkg/usecase/cart.go:89.72,93.16 4 0
github.com/anazibinurasheed/project-device-mart/pkg/usecase/cart.go:93.16,96.3 1 0
github.com/anazibinurasheed/project-device-mart/pkg/usecase/cart.go:97.2,97.12 1 0
github.com/anazibinurasheed/project-device-mart/pkg/usecase/cart.go:99.75,101.36 2 0
github.com/anazibinurasheed/project-device-mart/pkg/usecase/cart.go:101.36,104.3 1 0
github.com/anazibinurasheed/project-device-mart/pkg/usecase/cart.go:105.2,109.62 4 0
github.com/anazibinurasheed/project-device-mart/pkg/usecase/cart.go:109.62,111.3 1 0
github.com/anazibinurasheed/project-device-mart/pkg/usecase/cart.go:112.2,112.12 1 0
github.com/anazibinurasheed/project-device-mart/pkg/usecase/cart.go:115.75,117.36 2 0
github.com/anazibinurasheed/project-device-mart/pkg/usecase/cart.go:117.36,120.3 1 0
github.com/anazibinurasheed/project-device-mart/pkg/usecase/cart.go:120.8,120.30 1 0
github.com/anazibinurasheed/project-device-mart/pkg/usecase/cart.go:120.30,122.3 1 0
github.com/anazibinurasheed/project-device-mart/pkg/usecase/cart.go:124.2,128.62 4 0
github.com/anazibinurasheed/project-device-mart/pkg/usecase/cart.go:128.62,130.3 1 0
github.com/anazibinurasheed/project-device-mart/pkg/usecase/cart.go:131.2,131.12 1 0
github.com/anazibinurasheed/project-device-mart/pkg/usecase/cart.go:134.57,136.16 2 0
github.com/anazibinurasheed/project-device-mart/pkg/usecase/cart.go:136.16,138.3 1 0
github.com/anazibinurasheed/project-device-mart/pkg/usecase/cart.go:142.2,142.12 1 0
github.com/anazibinurasheed/project-device-mart/pkg/usecase/common.go:19.120,25.2 1 0
github.com/anazibinurasheed/project-device-mart/pkg/usecase/common.go:32.82,34.16 2 0
github.com/anazibinurasheed/project-device-mart/pkg/usecase/common.go:34.16,36.3 1 0
github.com/anazibinurasheed/project-device-mart/pkg/usecase/common.go:37.2,37.22 1 0
github.com/anazibinurasheed/project-device-mart/pkg/usecase/common.go:37.22,39.3 1 0
github.com/anazibinurasheed/project-device-mart/pkg/usecase/common.go:41.2,50.25 4 0
github.com/anazibinurasheed/project-device-mart/pkg/usecase/coupon.go:18.86,23.2 1 0
github.com/anazibinurasheed/project-device-mart/pkg/usecase/coupon.go:25.73,31.16 5 0
github.com/anazibinurasheed/project-device-mart/pkg/usecase/coupon.go:31.16,33.3 1 0
github.com/anazibinurasheed/project-device-mart/pkg/usecase/coupon.go:34.2,34.28 1 0
github.com/anazibinurasheed/project-device-mart/pkg/usecase/coupon.go:34.28,37.3 1 0
github.com/anazibinurasheed/project-device-mart/pkg/usecase/coupon.go:38.2,38.12 1 0
github.com/anazibinurasheed/project-device-mart/pkg/usecase/coupon.go:41.70,43.16 2 0
github.com/anazibinurasheed/project-device-mart/pkg/usecase/coupon.go:43.16,45.3 1 0
github.com/anazibinurasheed/project-device-mart/pkg/usecase/coupon.go:47.2,47.21 1 0
github.com/anazibinurasheed/project-device-mart/pkg/usecase/coupon.go:49.86,55.16 6 0
github.com/anazibinurasheed/project-device-mart/pkg/usecase/coupon.go:55.16,57.3 1 0
github.com/anazibinurasheed/project-device-mart/pkg/usecase/coupon.go:59.2,59.27 1 0
github.com/anazibinurasheed/project-device-mart/pkg/usecase/coupon.go:59.27,61.3 1 0
github.com/anazibinurasheed/project-device-mart/pkg/usecase/coupon.go:63.2,63.12 1 0
github.com/anazibinurasheed/project-device-mart/pkg/usecase/coupon.go:66.58,68.16 2 0
github.com/anazibinurasheed/project-device-mart/pkg/usecase/coupon.go:68.16,70.3 1 0
github.com/anazibinurasheed/project-device-mart/pkg/usecase/coupon.go:71.2,71.27 1 0
github.com/anazibinurasheed/project-device-mart/pkg/usecase/coupon.go:71.27,73.3 1 0
github.com/anazibinurasheed/project-device-mart/pkg/usecase/coupon.go:74.2,74.12 1 0
github.com/anazibinurasheed/project-device-mart/pkg/usecase/coupon.go:77.60,79.16 2 0
github.com/anazibinurasheed/project-device-mart/pkg/usecase/coupon.go:79.16,81.3 1 0
github.com/anazibinurasheed/project-device-mart/pkg/usecase/coupon.go:82.2,82.29 1 0
github.com/anazibinurasheed/project-device-mart/pkg/usecase/coupon.go:82.29,84.3 1 0
github.com/anazibinurasheed/project-device-mart/pkg/usecase/coupon.go:85.2,85.12 1 0
github.com/anazibinurasheed/project-device-mart/pkg/usecase/coupon.go:89.82,93.16 2 0
github.com/anazibinurasheed/project-device-mart/pkg/usecase/coupon.go:93.16,95.3 1 0
github.com/anazibinurasheed/project-device-mart/pkg/usecase/coupon.go:97.2,97.83 1 0
github.com/anazibinurasheed/project-device-mart/pkg/usecase/coupon.go:97.83,99.3 1 0
github.com/anazibinurasheed/project-device-mart/pkg/usecase/coupon.go:101.2,103.16 2 0
github.com/anazibinurasheed/project-device-mart/pkg/usecase/coupon.go:103.16,105.3 1 0
github.com/anazibinurasheed/project-device-mart/pkg/usecase/coupon.go:107.2,107.69 1 0
github.com/anazibinurasheed/project-device-mart/pkg/usecase/coupon.go:107.69,109.3 1 0
github.com/anazibinurasheed/project-device-mart/pkg/usecase/coupon.go:109.8,109.77 1 0
github.com/anazibinurasheed/project-device-mart/pkg/usecase/coupon.go:109.77,111.3 1 0
github.com/anazibinurasheed/project-device-mart/pkg/usecase/coupon.go:112.2,114.16 2 0
github.com/anazibinurasheed/project-device-mart/pkg/usecase/coupon.go:114.16,116.3 1 0
github.com/anazibinurasheed/project-device-mart/pkg/usecase/coupon.go:117.2,117.54 1 0
github.com/anazibinurasheed/project-device-mart/pkg/usecase/coupon.go:117.54,119.17 2 0
github.com/anazibinurasheed/project-device-mart/pkg/usecase/coupon.go:119.17,122.4 1 0
github.com/anazibinurasheed/project-device-mart/pkg/usecase/coupon.go:122.9,122.35 1 0
github.com/anazibinurasheed/project-device-mart/pkg/usecase/coupon.go:122.35,124.4 1 0
github.com/anazibinurasheed/project-device-mart/pkg/usecase/coupon.go:125.8,127.17 2 0
github.com/anazibinurasheed/project-device-mart/pkg/usecase/coupon.go:127.17,129.4 1 0
github.com/anazibinurasheed/project-device-mart/pkg/usecase/coupon.go:130.3,130.29 1 0
github.com/anazibinurasheed/project-device-mart/pkg/usecase/coupon.go:130.29,133.4 1 0
github.com/anazibinurasheed/project-device-mart/pkg/usecase/coupon.go:135.2,135.12 1 0
github.com/anazibinurasheed/project-device-mart/pkg/usecase/coupon.go:138.95,141.16 3 0
github.com/anazibinurasheed/project-device-mart/pkg/usecase/coupon.go:141.16,143.3 1 0
github.com/anazibinurasheed/project-device-mart/pkg/usecase/coupon.go:144.2,144.24 1 0
github.com/anazibinurasheed/project-device-mart/pkg/usecase/coupon.go:148.79,150.16 2 0
github.com/anazibinurasheed/project-device-mart/pkg/usecase/coupon.go:150.16,152.3 1 0
github.com/anazibinurasheed/project-device-mart/pkg/usecase/coupon.go:153.2,153.27 1 0
github.com/anazibinurasheed/project-device-mart/pkg/usecase/coupon.go:153.27,155.3 1 0
github.com/anazibinurasheed/project-device-mart/pkg/usecase/coupon.go:156.2,156.12 1 0
github.com/anazibinurasheed/project-device-mart/pkg/usecase/order.go:24.291,33.2 1 0
github.com/anazibinurasheed/project-device-mart/pkg/usecase/order.go:37.80,41.16 3 0
github.com/anazibinurasheed/project-device-mart/pkg/usecase/order.go:41.16,43.3 1 0
github.com/anazibinurasheed/project-device-mart/pkg/usecase/order.go:44.2,44.25 1 0
github.com/anazibinurasheed/project-device-mart/pkg/usecase/order.go:44.25,46.3 1 0
github.com/anazibinurasheed/project-device-mart/pkg/usecase/order.go:48.2,49.16 2 0
github.com/anazibinurasheed/project-device-mart/pkg/usecase/order.go:49.16,51.3 1 0
github.com/anazibinurasheed/project-device-mart/pkg/usecase/order.go:53.2,54.41 2 0
github.com/anazibinurasheed/project-device-mart/pkg/usecase/order.go:54.41,56.3 1 0
github.com/anazibinurasheed/project-device-mart/pkg/usecase/order.go:57.2,63.29 6 0
github.com/anazibinurasheed/project-device-mart/pkg/usecase/order.go:66.89,68.16 2 0
github.com/anazibinurasheed/project-device-mart/pkg/usecase/order.go:68.16,70.3 1 0
github.com/anazibinurasheed/project-device-mart/pkg/usecase/order.go:72.2,73.16 2 0
github.com/anazibinurasheed/project-device-mart/pkg/usecase/order.go:73.16,75.3 1 0
github.com/anazibinurasheed/project-device-mart/pkg/usecase/order.go:76.2,77.16 2 0
github.com/anazibinurasheed/project-device-mart/pkg/usecase/order.go:77.16,79.3 1 0
github.com/anazibinurasheed/project-device-mart/pkg/usecase/order.go:80.2,84.8 1 0
github.com/anazibinurasheed/project-device-mart/pkg/usecase/order.go:87.113,89.16 2 0
github.com/anazibinurasheed/project-device-mart/pkg/usecase/order.go:89.16,91.3 1 0
github.com/anazibinurasheed/project-device-mart/pkg/usecase/order.go:92.2,92.12 1 0
github.com/anazibinurasheed/project-device-mart/pkg/usecase/order.go:95.79,98.35 2 0
github.com/anazibinurasheed/project-device-mart/pkg/usecase/order.go:98.35,100.3 1 0
github.com/anazibinurasheed/project-device-mart/pkg/usecase/order.go:101.2,104.16 3 0
github.com/anazibinurasheed/project-device-mart/pkg/usecase/order.go:104.16,106.3 1 0
github.com/anazibinurasheed/project-device-mart/pkg/usecase/order.go:107.2,108.16 2 0
github.com/anazibinurasheed/project-device-mart/pkg/usecase/order.go:108.16,110.3 1 0
github.com/anazibinurasheed/project-device-mart/pkg/usecase/order.go:112.2,112.33 1 0
github.com/anazibinurasheed/project-device-mart/pkg/usecase/order.go:112.33,114.17 2 0
github.com/anazibinurasheed/project-device-mart/pkg/usecase/order.go:114.17,116.4 1 0
github.com/anazibinurasheed/project-device-mart/pkg/usecase/order.go:117.3,117.36 1 0
github.com/anazibinurasheed/project-device-mart/pkg/usecase/order.go:117.36,119.4 1 0
github.com/anazibinurasheed/project-device-mart/pkg/usecase/order.go:121.2,121.27 1 0
github.com/anazibinurasheed/project-device-mart/pkg/usecase/order.go:121.27,123.17 2 0
github.com/anazibinurasheed/project-device-mart/pkg/usecase/order.go:123.17,125.4 1 0
github.com/anazibinurasheed/project-device-mart/pkg/usecase/order.go:126.3,126.46 1 0
github.com/anazibinurasheed/project-device-mart/pkg/usecase/order.go:126.46,128.4 1 0
github.com/anazibinurasheed/project-device-mart/pkg/usecase/order.go:130.2,131.16 2 0
github.com/anazibinurasheed/project-device-mart/pkg/usecase/order.go:131.16,133.3 1 0
github.com/anazibinurasheed/project-device-mart/pkg/usecase/order.go:134.2,137.44 3 0
github.com/anazibinurasheed/project-device-mart/pkg/usecase/order.go:137.44,141.41 4 0
github.com/anazibinurasheed/project-device-mart/pkg/usecase/order.go:141.41,143.4 1 0
github.com/anazibinurasheed/project-device-mart/pkg/usecase/order.go:147.2,148.16 2 0
github.com/anazibinurasheed/project-device-mart/pkg/usecase/order.go:148.16,150.3 1 0
github.com/anazibinurasheed/project-device-mart/pkg/usecase/order.go:152.2,152.12 1 0
github.com/anazibinurasheed/project-device-mart/pkg/usecase/order.go:155.97,156.15 1 0
github.com/anazibinurasheed/project-device-mart/pkg/usecase/order.go:156.15,158.3 1 0
github.com/anazibinurasheed/project-device-mart/pkg/usecase/order.go:159.2,159.16 1 0
github.com/anazibinurasheed/project-device-mart/pkg/usecase/order.go:159.16,161.3 1 0
github.com/anazibinurasheed/project-device-mart/pkg/usecase/order.go:162.2,165.16 4 0
github.com/anazibinurasheed/project-device-mart/pkg/usecase/order.go:165.16,167.3 1 0
github.com/anazibinurasheed/project-device-mart/pkg/usecase/order.go:169.2,169.26 1 0
github.com/anazibinurasheed/project-device-mart/pkg/usecase/order.go:172.95,173.15 1 0
github.com/anazibinurasheed/project-device-mart/pkg/usecase/order.go:173.15,175.3 1 0
github.com/anazibinurasheed/project-device-mart/pkg/usecase/order.go:176.2,176.16 1 0
github.com/anazibinurasheed/project-device-mart/pkg/usecase/order.go:176.16,178.3 1 0
github.com/anazibinurasheed/project-device-mart/pkg/usecase/order.go:179.2,183.16 5 0
github.com/anazibinurasheed/project-device-mart/pkg/usecase/order.go:183.16,185.3 1 0
github.com/anazibinurasheed/project-device-mart/pkg/usecase/order.go:186.2,187.16 2 0
github.com/anazibinurasheed/project-device-mart/pkg/usecase/order.go:187.16,189.3 1 0
github.com/anazibinurasheed/project-device-mart/pkg/usecase/order.go:190.2,193.19 4 0
github.com/anazibinurasheed/project-device-mart/pkg/usecase/order.go:196.86,197.15 1 0
github.com/anazibinurasheed/project-device-mart/pkg/usecase/order.go:197.15,199.3 1 0
github.com/anazibinurasheed/project-device-mart/pkg/usecase/order.go:200.2,200.16 1 0
github.com/anazibinurasheed/project-device-mart/pkg/usecase/order.go:200.16,202.3 1 0
github.com/anazibinurasheed/project-device-mart/pkg/usecase/order.go:203.2,207.16 4 0
github.com/anazibinurasheed/project-device-mart/pkg/usecase/order.go:207.16,209.3 1 0
github.com/anazibinurasheed/project-device-mart/pkg/usecase/order.go:210.2,210.23 1 0
github.com/anazibinurasheed/project-device-mart/pkg/usecase/order.go:213.76,216.16 3 0
github.com/anazibinurasheed/project-device-mart/pkg/usecase/order.go:216.16,218.3 1 0
github.com/anazibinurasheed/project-device-mart/pkg/usecase/order.go:219.2,219.26 1 0
github.com/anazibinurasheed/project-device-mart/pkg/usecase/order.go:219.26,221.3 1 0
github.com/anazibinurasheed/project-device-mart/pkg/usecase/order.go:223.2,223.12 1 0
github.com/anazibinurasheed/project-device-mart/pkg/usecase/order.go:226.65,228.16 2 0
github.com/anazibinurasheed/project-device-mart/pkg/usecase/order.go:228.16,230.3 1 0
github.com/anazibinurasheed/project-device-mart/pkg/usecase/order.go:231.2,231.19 1 0
github.com/anazibinurasheed/project-device-mart/pkg/usecase/order.go:231.19,233.3 1 0
github.com/anazibinurasheed/project-device-mart/pkg/usecase/order.go:235.2,235.44 1 0
github.com/anazibinurasheed/project-device-mart/pkg/usecase/order.go:235.44,237.3 1 0
github.com/anazibinurasheed/project-device-mart/pkg/usecase/order.go:238.2,239.16 2 0
github.com/anazibinurasheed/project-device-mart/pkg/usecase/order.go:239.16,241.3 1 0
github.com/anazibinurasheed/project-device-mart/pkg/usecase/order.go:243.2,244.16 2 0
github.com/anazibinurasheed/project-device-mart/pkg/usecase/order.go:244.16,246.3 1 0
github.com/anazibinurasheed/project-device-mart/pkg/usecase/order.go:247.2,247.26 1 0
github.com/anazibinurasheed/project-device-mart/pkg/usecase/order.go:247.26,249.3 1 0
github.com/anazibinurasheed/project-device-mart/pkg/usecase/order.go:250.2,251.16 2 0
github.com/anazibinurasheed/project-device-mart/pkg/usecase/order.go:251.16,253.3 1 0
github.com/anazibinurasheed/project-device-mart/pkg/usecase/order.go:254.2,254.12 1 0
github.com/anazibinurasheed/project-device-mart/pkg/usecase/order.go:257.62,260.16 2 0
github.com/anazibinurasheed/project-device-mart/pkg/usecase/order.go:260.16,262.3 1 0
github.com/anazibinurasheed/project-device-mart/pkg/usecase/order.go:264.2,264.29 1 0
github.com/anazibinurasheed/project-device-mart/pkg/usecase/order.go:264.29,266.3 1 0
github.com/anazibinurasheed/project-device-mart/pkg/usecase/order.go:267.2,268.16 2 0
github.com/anazibinurasheed/project-device-mart/pkg/usecase/order.go:268.16,270.3 1 0
github.com/anazibinurasheed/project-device-mart/pkg/usecase/order.go:271.2,272.16 2 0
github.com/anazibinurasheed/project-device-mart/pkg/usecase/order.go:272.16,274.3 1 0
github.com/anazibinurasheed/project-device-mart/pkg/usecase/order.go:278.2,278.160 1 0
github.com/anazibinurasheed/project-device-mart/pkg/usecase/order.go:278.160,280.17 2 0
github.com/anazibinurasheed/project-device-mart/pkg/usecase/order.go:280.17,282.4 1 0
github.com/anazibinurasheed/project-device-mart/pkg/usecase/order.go:283.3,283.33 1 0
github.com/anazibinurasheed/project-device-mart/pkg/usecase/order.go:283.33,285.4 1 0
github.com/anazibinurasheed/project-device-mart/pkg/usecase/order.go:286.3,287.42 2 0
github.com/anazibinurasheed/project-device-mart/pkg/usecase/order.go:287.42,289.4 1 0
github.com/anazibinurasheed/project-device-mart/pkg/usecase/order.go:290.3,292.17 2 0
github.com/anazibinurasheed/project-device-mart/pkg/usecase/order.go:292.17,294.4 1 0
github.com/anazibinurasheed/project-device-mart/pkg/usecase/order.go:296.3,297.21 2 0
github.com/anazibinurasheed/project-device-mart/pkg/usecase/order.go:297.21,301.4 2 0
github.com/anazibinurasheed/project-device-mart/pkg/usecase/order.go:302.3,302.32 1 0
github.com/anazibinurasheed/project-device-mart/pkg/usecase/order.go:302.32,304.18 2 0
github.com/anazibinurasheed/project-device-mart/pkg/usecase/order.go:304.18,306.5 1 0
github.com/anazibinurasheed/project-device-mart/pkg/usecase/order.go:307.4,307.22 1 0
github.com/anazibinurasheed/project-device-mart/pkg/usecase/order.go:307.22,309.5 1 0
github.com/anazibinurasheed/project-device-mart/pkg/usecase/order.go:310.4,311.18 2 0
github.com/anazibinurasheed/project-device-mart/pkg/usecase/order.go:311.18,313.5 1 0
github.com/anazibinurasheed/project-device-mart/pkg/usecase/order.go:314.4,314.28 1 0
github.com/anazibinurasheed/project-device-mart/pkg/usecase/order.go:314.28,316.5 1 0
github.com/anazibinurasheed/project-device-mart/pkg/usecase/order.go:320.3,322.17 3 0
github.com/anazibinurasheed/project-device-mart/pkg/usecase/order.go:322.17,324.4 1 0
github.com/anazibinurasheed/project-device-mart/pkg/usecase/order.go:325.3,325.21 1 0
github.com/anazibinurasheed/project-device-mart/pkg/usecase/order.go:325.21,327.18 2 0
github.com/anazibinurasheed/project-device-mart/pkg/usecase/order.go:327.18,329.5 1 0
github.com/anazibinurasheed/project-device-mart/pkg/usecase/order.go:330.4,330.25 1 0
github.com/anazibinurasheed/project-device-mart/pkg/usecase/order.go:330.25,332.5 1 0
github.com/anazibinurasheed/project-device-mart/pkg/usecase/order.go:334.3,336.17 3 0
github.com/anazibinurasheed/project-device-mart/pkg/usecase/order.go:336.17,337.31 1 0
github.com/anazibinurasheed/project-device-mart/pkg/usecase/order.go:337.31,339.5 1 0
github.com/anazibinurasheed/project-device-mart/pkg/usecase/order.go:341.4,341.81 1 0
github.com/anazibinurasheed/project-device-mart/pkg/usecase/order.go:343.3,343.35 1 0
github.com/anazibinurasheed/project-device-mart/pkg/usecase/order.go:343.35,345.4 1 0
github.com/anazibinurasheed/project-device-mart/pkg/usecase/order.go:348.2,348.85 1 0
github.com/anazibinurasheed/project-device-mart/pkg/usecase/order.go:348.85,350.17 2 0
github.com/anazibinurasheed/project-device-mart/pkg/usecase/order.go:350.17,352.4 1 0
github.com/anazibinurasheed/project-device-mart/pkg/usecase/order.go:353.3,353.21 1 0
github.com/anazibinurasheed/project-device-mart/pkg/usecase/order.go:353.21,355.4 1 0
github.com/anazibinurasheed/project-device-mart/pkg/usecase/order.go:356.3,357.17 2 0
github.com/anazibinurasheed/project-device-mart/pkg/usecase/order.go:357.17,359.4 1 0
github.com/anazibinurasheed/project-device-mart/pkg/usecase/order.go:360.3,360.27 1 0
github.com/anazibinurasheed/project-device-mart/pkg/usecase/order.go:360.27,362.4 1 0
github.com/anazibinurasheed/project-device-mart/pkg/usecase/order.go:364.2,364.12 1 0
github.com/anazibinurasheed/project-device-mart/pkg/usecase/order.go:367.76,369.16 2 0
github.com/anazibinurasheed/project-device-mart/pkg/usecase/order.go:369.16,371.3 1 0
github.com/anazibinurasheed/project-device-mart/pkg/usecase/order.go:372.2,372.20 1 0
github.com/anazibinurasheed/project-device-mart/pkg/usecase/order.go:372.20,374.3 1 0
github.com/anazibinurasheed/project-device-mart/pkg/usecase/order.go:375.2,375.20 1 0
github.com/anazibinurasheed/project-device-mart/pkg/usecase/order.go:378.60,381.16 2 0
github.com/anazibinurasheed/project-device-mart/pkg/usecase/order.go:381.16,383.3 1 0
github.com/anazibinurasheed/project-device-mart/pkg/usecase/order.go:385.2,385.20 1 0
github.com/anazibinurasheed/project-device-mart/pkg/usecase/order.go:385.20,387.3 1 0
github.com/anazibinurasheed/project-device-mart/pkg/usecase/order.go:388.2,389.16 2 0
github.com/anazibinurasheed/project-device-mart/pkg/usecase/order.go:389.16,391.3 1 0
github.com/anazibinurasheed/project-device-mart/pkg/usecase/order.go:392.2,392.20 1 0
github.com/anazibinurasheed/project-device-mart/pkg/usecase/order.go:392.20,394.3 1 0
github.com/anazibinurasheed/project-device-mart/pkg/usecase/order.go:395.2,395.12 1 0
github.com/anazibinurasheed/project-device-mart/pkg/usecase/order.go:398.65,400.16 2 0
github.com/anazibinurasheed/project-device-mart/pkg/usecase/order.go:400.16,402.3 1 0
github.com/anazibinurasheed/project-device-mart/pkg/usecase/order.go:403.2,403.20 1 0
github.com/anazibinurasheed/project-device-mart/pkg/usecase/order.go:403.20,405.3 1 0
github.com/anazibinurasheed/project-device-mart/pkg/usecase/order.go:407.2,408.16 2 0
github.com/anazibinurasheed/project-device-mart/pkg/usecase/order.go:408.16,410.3 1 0
github.com/anazibinurasheed/project-device-mart/pkg/usecase/order.go:411.2,411.36 1 0
github.com/anazibinurasheed/project-device-mart/pkg/usecase/order.go:411.36,413.3 1 0
github.com/anazibinurasheed/project-device-mart/pkg/usecase/order.go:414.2,414.12 1 0
github.com/anazibinurasheed/project-device-mart/pkg/usecase/order.go:417.68,419.16 2 0
github.com/anazibinurasheed/project-device-mart/pkg/usecase/order.go:419.16,421.3 1 0
github.com/anazibinurasheed/project-device-mart/pkg/usecase/order.go:422.2,422.27 1 0
github.com/anazibinurasheed/project-device-mart/pkg/usecase/order.go:422.27,424.3 1 0
github.com/anazibinurasheed/project-device-mart/pkg/usecase/order.go:426.2,427.16 2 0
github.com/anazibinurasheed/project-device-mart/pkg/usecase/order.go:427.16,429.3 1 0
github.com/anazibinurasheed/project-device-mart/pkg/usecase/order.go:430.2,430.24 1 0
github.com/anazibinurasheed/project-device-mart/pkg/usecase/order.go:430.24,432.3 1 0
github.com/anazibinurasheed/project-device-mart/pkg/usecase/order.go:434.2,435.16 2 0
github.com/anazibinurasheed/project-device-mart/pkg/usecase/order.go:435.16,437.3 1 0
github.com/anazibinurasheed/project-device-mart/pkg/usecase/order.go:438.2,438.21 1 0
github.com/anazibinurasheed/project-device-mart/pkg/usecase/order.go:438.21,440.3 1 0
github.com/anazibinurasheed/project-device-mart/pkg/usecase/order.go:442.2,460.52 2 0
github.com/anazibinurasheed/project-device-mart/pkg/usecase/payment.go:13.93,17.2 1 0
github.com/anazibinurasheed/project-device-mart/pkg/usecase/product.go:18.128,24.2 1 0
github.com/anazibinurasheed/project-device-mart/pkg/usecase/product.go:26.78,28.29 2 0
github.com/anazibinurasheed/project-device-mart/pkg/usecase/product.go:28.29,30.3 1 0
github.com/anazibinurasheed/project-device-mart/pkg/usecase/product.go:32.2,33.16 2 0
github.com/anazibinurasheed/project-device-mart/pkg/usecase/product.go:33.16,35.3 1 0
github.com/anazibinurasheed/project-device-mart/pkg/usecase/product.go:37.2,37.25 1 0
github.com/anazibinurasheed/project-device-mart/pkg/usecase/product.go:37.25,39.3 1 0
github.com/anazibinurasheed/project-device-mart/pkg/usecase/product.go:41.2,41.12 1 0
github.com/anazibinurasheed/project-device-mart/pkg/usecase/product.go:44.95,45.15 1 0
github.com/anazibinurasheed/project-device-mart/pkg/usecase/product.go:45.15,47.3 1 0
github.com/anazibinurasheed/project-device-mart/pkg/usecase/product.go:48.2,48.16 1 0
github.com/anazibinurasheed/project-device-mart/pkg/usecase/product.go:48.16,50.3 1 0
github.com/anazibinurasheed/project-device-mart/pkg/usecase/product.go:52.2,56.16 4 0
github.com/anazibinurasheed/project-device-mart/pkg/usecase/product.go:56.16,58.3 1 0
github.com/anazibinurasheed/project-device-mart/pkg/usecase/product.go:60.2,60.33 1 0
github.com/anazibinurasheed/project-device-mart/pkg/usecase/product.go:63.94,65.16 2 0
github.com/anazibinurasheed/project-device-mart/pkg/usecase/product.go:65.16,67.3 1 0
github.com/anazibinurasheed/project-device-mart/pkg/usecase/product.go:69.2,69.29 1 0
github.com/anazibinurasheed/project-device-mart/pkg/usecase/product.go:69.29,71.3 1 0
github.com/anazibinurasheed/project-device-mart/pkg/usecase/product.go:73.2,73.12 1 0
github.com/anazibinurasheed/project-device-mart/pkg/usecase/product.go:76.66,78.16 2 0
github.com/anazibinurasheed/project-device-mart/pkg/usecase/product.go:78.16,80.3 1 0
github.com/anazibinurasheed/project-device-mart/pkg/usecase/product.go:82.2,82.29 1 0
github.com/anazibinurasheed/project-device-mart/pkg/usecase/product.go:82.29,84.3 1 0
github.com/anazibinurasheed/project-device-mart/pkg/usecase/product.go:86.2,86.12 1 0
github.com/anazibinurasheed/project-device-mart/pkg/usecase/product.go:89.68,91.16 2 0
github.com/anazibinurasheed/project-device-mart/pkg/usecase/product.go:91.16,93.3 1 0
github.com/anazibinurasheed/project-device-mart/pkg/usecase/product.go:95.2,95.31 1 0
github.com/anazibinurasheed/project-device-mart/pkg/usecase/product.go:95.31,97.3 1 0
github.com/anazibinurasheed/project-device-mart/pkg/usecase/product.go:99.2,99.12 1 0
github.com/anazibinurasheed/project-device-mart/pkg/usecase/product.go:101.75,103.16 2 0
github.com/anazibinurasheed/project-device-mart/pkg/usecase/product.go:103.16,105.3 1 0
github.com/anazibinurasheed/project-device-mart/pkg/usecase/product.go:106.2,106.22 1 0
github.com/anazibinurasheed/project-device-mart/pkg/usecase/product.go:106.22,108.3 1 0
github.com/anazibinurasheed/project-device-mart/pkg/usecase/product.go:110.2,114.16 4 0
github.com/anazibinurasheed/project-device-mart/pkg/usecase/product.go:114.16,116.3 1 0
github.com/anazibinurasheed/project-device-mart/pkg/usecase/product.go:117.2,117.29 1 0
github.com/anazibinurasheed/project-device-mart/pkg/usecase/product.go:117.29,119.3 1 0
github.com/anazibinurasheed/project-device-mart/pkg/usecase/product.go:121.2,122.16 2 0
github.com/anazibinurasheed/project-device-mart/pkg/usecase/product.go:122.16,124.3 1 0
github.com/anazibinurasheed/project-device-mart/pkg/usecase/product.go:125.2,125.24 1 0
github.com/anazibinurasheed/project-device-mart/pkg/usecase/product.go:125.24,127.3 1 0
github.com/anazibinurasheed/project-device-mart/pkg/usecase/product.go:129.2,129.12 1 0
github.com/anazibinurasheed/project-device-mart/pkg/usecase/product.go:132.98,133.15 1 0
github.com/anazibinurasheed/project-device-mart/pkg/usecase/product.go:133.15,135.3 1 0
github.com/anazibinurasheed/project-device-mart/pkg/usecase/product.go:136.2,136.16 1 0
github.com/anazibinurasheed/project-device-mart/pkg/usecase/product.go:136.16,138.3 1 0
github.com/anazibinurasheed/project-device-mart/pkg/usecase/product.go:140.2,144.16 4 0
github.com/anazibinurasheed/project-device-mart/pkg/usecase/product.go:144.16,146.3 1 0
github.com/anazibinurasheed/project-device-mart/pkg/usecase/product.go:148.2,148.31 1 0
github.com/anazibinurasheed/project-device-mart/pkg/usecase/product.go:151.105,152.15 1 0
github.com/anazibinurasheed/project-device-mart/pkg/usecase/product.go:152.15,154.3 1 0
github.com/anazibinurasheed/project-device-mart/pkg/usecase/product.go:155.2,155.16 1 0
github.com/anazibinurasheed/project-device-mart/pkg/usecase/product.go:155.16,157.3 1 0
github.com/anazibinurasheed/project-device-mart/pkg/usecase/product.go:159.2,163.16 4 0
github.com/anazibinurasheed/project-device-mart/pkg/usecase/product.go:163.16,165.3 1 0
github.com/anazibinurasheed/project-device-mart/pkg/usecase/product.go:167.2,167.31 1 0
github.com/anazibinurasheed/project-device-mart/pkg/usecase/product.go:170.93,172.16 2 0
github.com/anazibinurasheed/project-device-mart/pkg/usecase/product.go:172.16,174.3 1 0
github.com/anazibinurasheed/project-device-mart/pkg/usecase/product.go:175.2,175.28 1 0
github.com/anazibinurasheed/project-device-mart/pkg/usecase/product.go:175.28,177.3 1 0
github.com/anazibinurasheed/project-device-mart/pkg/usecase/product.go:178.2,178.12 1 0
github.com/anazibinurasheed/project-device-mart/pkg/usecase/product.go:181.65,183.16 2 0
github.com/anazibinurasheed/project-device-mart/pkg/usecase/product.go:183.16,185.3 1 0
github.com/anazibinurasheed/project-device-mart/pkg/usecase/product.go:186.2,186.28 1 0
github.com/anazibinurasheed/project-device-mart/pkg/usecase/product.go:186.28,188.3 1 0
github.com/anazibinurasheed/project-device-mart/pkg/usecase/product.go:189.2,189.12 1 0
github.com/anazibinurasheed/project-device-mart/pkg/usecase/product.go:192.67,194.16 2 0
github.com/anazibinurasheed/project-device-mart/pkg/usecase/product.go:194.16,196.3 1 0
github.com/anazibinurasheed/project-device-mart/pkg/usecase/product.go:197.2,197.30 1 0
github.com/anazibinurasheed/project-device-mart/pkg/usecase/product.go:197.30,199.3 1 0
github.com/anazibinurasheed/project-device-mart/pkg/usecase/product.go:200.2,200.12 1 0
github.com/anazibinurasheed/project-device-mart/pkg/usecase/product.go:203.88,205.16 2 0
github.com/anazibinurasheed/project-device-mart/pkg/usecase/product.go:205.16,207.3 1 0
github.com/anazibinurasheed/project-device-mart/pkg/usecase/product.go:208.2,208.21 1 0
github.com/anazibinurasheed/project-device-mart/pkg/usecase/product.go:208.21,210.3 1 0
github.com/anazibinurasheed/project-device-mart/pkg/usecase/product.go:212.2,213.16 2 0
github.com/anazibinurasheed/project-device-mart/pkg/usecase/product.go:213.16,215.3 1 0
github.com/anazibinurasheed/project-device-mart/pkg/usecase/product.go:217.2,228.8 1 0
github.com/anazibinurasheed/project-device-mart/pkg/usecase/product.go:232.85,234.16 2 0
github.com/anazibinurasheed/project-device-mart/pkg/usecase/product.go:234.16,236.3 1 0
github.com/anazibinurasheed/project-device-mart/pkg/usecase/product.go:237.2,237.20 1 0
github.com/anazibinurasheed/project-device-mart/pkg/usecase/product.go:237.20,239.3 1 0
github.com/anazibinurasheed/project-device-mart/pkg/usecase/product.go:241.2,242.16 2 0
github.com/anazibinurasheed/project-device-mart/pkg/usecase/product.go:242.16,244.3 1 0
github.com/anazibinurasheed/project-device-mart/pkg/usecase/product.go:245.2,245.23 1 0
github.com/anazibinurasheed/project-device-mart/pkg/usecase/product.go:245.23,247.3 1 0
github.com/anazibinurasheed/project-device-mart/pkg/usecase/product.go:248.2,249.16 2 0
github.com/anazibinurasheed/project-device-mart/pkg/usecase/product.go:249.16,251.3 1 0
github.com/anazibinurasheed/project-device-mart/pkg/usecase/product.go:253.2,253.27 1 0
github.com/anazibinurasheed/project-device-mart/pkg/usecase/product.go:253.27,255.3 1 0
github.com/anazibinurasheed/project-device-mart/pkg/usecase/product.go:256.2,256.12 1 0
github.com/anazibinurasheed/project-device-mart/pkg/usecase/product.go:259.106,263.16 4 0
github.com/anazibinurasheed/project-device-mart/pkg/usecase/product.go:263.16,265.3 1 0
github.com/anazibinurasheed/project-device-mart/pkg/usecase/product.go:267.2,268.16 2 0
github.com/anazibinurasheed/project-device-mart/pkg/usecase/product.go:268.16,270.3 1 0
github.com/anazibinurasheed/project-device-mart/pkg/usecase/product.go:272.2,272.20 1 0
github.com/anazibinurasheed/project-device-mart/pkg/usecase/product.go:272.20,274.3 1 0
github.com/anazibinurasheed/project-device-mart/pkg/usecase/product.go:275.2,275.12 1 0
github.com/anazibinurasheed/project-device-mart/pkg/usecase/product.go:278.102,279.15 1 0
github.com/anazibinurasheed/project-device-mart/pkg/usecase/product.go:279.15,281.3 1 0
github.com/anazibinurasheed/project-device-mart/pkg/usecase/product.go:282.2,282.16 1 0
github.com/anazibinurasheed/project-device-mart/pkg/usecase/product.go:282.16,284.3 1 0
github.com/anazibinurasheed/project-device-mart/pkg/usecase/product.go:285.2,288.16 4 0
github.com/anazibinurasheed/project-device-mart/pkg/usecase/product.go:288.16,290.3 1 0
github.com/anazibinurasheed/project-device-mart/pkg/usecase/product.go:291.2,291.24 1 0
github.com/anazibinurasheed/project-device-mart/pkg/usecase/product.go:291.24,293.3 1 0
github.com/anazibinurasheed/project-device-mart/pkg/usecase/product.go:295.2,295.22 1 0
github.com/anazibinurasheed/project-device-mart/pkg/usecase/product.go:298.110,299.15 1 0
github.com/anazibinurasheed/project-device-mart/pkg/usecase/product.go:299.15,301.3 1 0
github.com/anazibinurasheed/project-device-mart/pkg/usecase/product.go:302.2,302.16 1 0
github.com/anazibinurasheed/project-device-mart/pkg/usecase/product.go:302.16,304.3 1 0
github.com/anazibinurasheed/project-device-mart/pkg/usecase/product.go:305.2,308.16 4 0
github.com/anazibinurasheed/project-device-mart/pkg/usecase/product.go:308.16,310.3 1 0
github.com/anazibinurasheed/project-device-mart/pkg/usecase/product.go:311.2,311.24 1 0
github.com/anazibinurasheed/project-device-mart/pkg/usecase/product.go:311.24,313.3 1 0
github.com/anazibinurasheed/project-device-mart/pkg/usecase/product.go:315.2,315.22 1 0
github.com/anazibinurasheed/project-device-mart/pkg/usecase/refferal.go:18.138,23.2 1 0
github.com/anazibinurasheed/project-device-mart/pkg/usecase/refferal.go:25.87,29.16 3 0
github.com/anazibinurasheed/project-device-mart/pkg/usecase/refferal.go:29.16,31.3 1 0
github.com/anazibinurasheed/project-device-mart/pkg/usecase/refferal.go:31.8,31.33 1 0
github.com/anazibinurasheed/project-device-mart/pkg/usecase/refferal.go:31.33,34.3 2 0
github.com/anazibinurasheed/project-device-mart/pkg/usecase/refferal.go:36.2,39.16 4 0
github.com/anazibinurasheed/project-device-mart/pkg/usecase/refferal.go:39.16,41.3 1 0
github.com/anazibinurasheed/project-device-mart/pkg/usecase/refferal.go:41.8,41.66 1 0
github.com/anazibinurasheed/project-device-mart/pkg/usecase/refferal.go:41.66,44.3 1 0
github.com/anazibinurasheed/project-device-mart/pkg/usecase/refferal.go:45.2,45.29 1 0
github.com/anazibinurasheed/project-device-mart/pkg/usecase/refferal.go:49.101,51.24 1 0
github.com/anazibinurasheed/project-device-mart/pkg/usecase/refferal.go:51.24,53.3 1 0
github.com/anazibinurasheed/project-device-mart/pkg/usecase/refferal.go:54.2,55.16 2 0
github.com/anazibinurasheed/project-device-mart/pkg/usecase/refferal.go:55.16,57.3 1 0
github.com/anazibinurasheed/project-device-mart/pkg/usecase/refferal.go:59.2,59.29 1 0
github.com/anazibinurasheed/project-device-mart/pkg/usecase/refferal.go:59.29,61.3 1 0
github.com/anazibinurasheed/project-device-mart/pkg/usecase/refferal.go:63.2,63.48 1 0
github.com/anazibinurasheed/project-device-mart/pkg/usecase/refferal.go:63.48,65.3 1 0
github.com/anazibinurasheed/project-device-mart/pkg/usecase/refferal.go:66.2,67.30 2 0
github.com/anazibinurasheed/project-device-mart/pkg/usecase/refferal.go:70.86,73.16 2 0
github.com/anazibinurasheed/project-device-mart/pkg/usecase/refferal.go:73.16,75.3 1 0
github.com/anazibinurasheed/project-device-mart/pkg/usecase/refferal.go:75.8,75.36 1 0
github.com/anazibinurasheed/project-device-mart/pkg/usecase/refferal.go:75.36,77.17 2 0
github.com/anazibinurasheed/project-device-mart/pkg/usecase/refferal.go:77.17,79.4 1 0
github.com/anazibinurasheed/project-device-mart/pkg/usecase/refferal.go:79.9,79.40 1 0
github.com/anazibinurasheed/project-device-mart/pkg/usecase/refferal.go:79.40,81.4 1 0
github.com/anazibinurasheed/project-device-mart/pkg/usecase/refferal.go:84.2,85.16 2 0
github.com/anazibinurasheed/project-device-mart/pkg/usecase/refferal.go:85.16,87.3 1 0
github.com/anazibinurasheed/project-device-mart/pkg/usecase/refferal.go:87.8,87.38 1 0
github.com/anazibinurasheed/project-device-mart/pkg/usecase/refferal.go:87.38,89.17 2 0
github.com/anazibinurasheed/project-device-mart/pkg/usecase/refferal.go:89.17,91.4 1 0
github.com/anazibinurasheed/project-device-mart/pkg/usecase/refferal.go:91.9,91.42 1 0
github.com/anazibinurasheed/project-device-mart/pkg/usecase/refferal.go:91.42,93.4 1 0
github.com/anazibinurasheed/project-device-mart/pkg/usecase/refferal.go:97.2,98.16 2 0
github.com/anazibinurasheed/project-device-mart/pkg/usecase/refferal.go:98.16,100.3 1 0
github.com/anazibinurasheed/project-device-mart/pkg/usecase/refferal.go:100.8,100.36 1 0
github.com/anazibinurasheed/project-device-mart/pkg/usecase/refferal.go:100.36,102.3 1 0
github.com/anazibinurasheed/project-device-mart/pkg/usecase/refferal.go:104.2,105.16 2 0
github.com/anazibinurasheed/project-device-mart/pkg/usecase/refferal.go:105.16,107.3 1 0
github.com/anazibinurasheed/project-device-mart/pkg/usecase/refferal.go:107.8,107.36 1 0
github.com/anazibinurasheed/project-device-mart/pkg/usecase/refferal.go:107.36,109.3 1 0
github.com/anazibinurasheed/project-device-mart/pkg/usecase/refferal.go:110.2,110.12 1 0
github.com/anazibinurasheed/project-device-mart/pkg/usecase/user.go:21.74,25.2 1 1
github.com/anazibinurasheed/project-device-mart/pkg/usecase/user.go:27.61,29.16 2 1
github.com/anazibinurasheed/project-device-mart/pkg/usecase/user.go:29.16,31.3 1 0
github.com/anazibinurasheed/project-device-mart/pkg/usecase/user.go:32.2,32.22 1 1
github.com/anazibinurasheed/project-device-mart/pkg/usecase/user.go:32.22,34.3 1 0
github.com/anazibinurasheed/project-device-mart/pkg/usecase/user.go:36.2,37.16 2 1
github.com/anazibinurasheed/project-device-mart/pkg/usecase/user.go:37.16,39.3 1 0
github.com/anazibinurasheed/project-device-mart/pkg/usecase/user.go:40.2,40.22 1 1
github.com/anazibinurasheed/project-device-mart/pkg/usecase/user.go:40.22,42.3 1 0
github.com/anazibinurasheed/project-device-mart/pkg/usecase/user.go:52.2,52.63 1 1
github.com/anazibinurasheed/project-device-mart/pkg/usecase/user.go:52.63,55.3 2 0
github.com/anazibinurasheed/project-device-mart/pkg/usecase/user.go:57.2,57.12 1 1
github.com/anazibinurasheed/project-device-mart/pkg/usecase/user.go:60.103,62.16 2 0
github.com/anazibinurasheed/project-device-mart/pkg/usecase/user.go:62.16,64.3 1 0
github.com/anazibinurasheed/project-device-mart/pkg/usecase/user.go:64.8,64.29 1 0
github.com/anazibinurasheed/project-device-mart/pkg/usecase/user.go:64.29,66.3 1 0
github.com/anazibinurasheed/project-device-mart/pkg/usecase/user.go:66.8,66.31 1 0
github.com/anazibinurasheed/project-device-mart/pkg/usecase/user.go:66.31,68.3 1 0
github.com/anazibinurasheed/project-device-mart/pkg/usecase/user.go:69.2,69.104 1 0
github.com/anazibinurasheed/project-device-mart/pkg/usecase/user.go:69.104,71.3 1 0
github.com/anazibinurasheed/project-device-mart/pkg/usecase/user.go:73.2,73.22 1 0
github.com/anazibinurasheed/project-device-mart/pkg/usecase/user.go:77.71,79.16 2 0
github.com/anazibinurasheed/project-device-mart/pkg/usecase/user.go:79.16,81.3 1 0
github.com/anazibinurasheed/project-device-mart/pkg/usecase/user.go:82.2,82.22 1 0
github.com/anazibinurasheed/project-device-mart/pkg/usecase/user.go:85.72,87.16 2 0
github.com/anazibinurasheed/project-device-mart/pkg/usecase/user.go:87.16,90.3 2 0
github.com/anazibinurasheed/project-device-mart/pkg/usecase/user.go:91.2,91.33 1 0
github.com/anazibinurasheed/project-device-mart/pkg/usecase/user.go:95.72,98.16 2 0
github.com/anazibinurasheed/project-device-mart/pkg/usecase/user.go:98.16,100.3 1 0
github.com/anazibinurasheed/project-device-mart/pkg/usecase/user.go:101.2,101.28 1 0
github.com/anazibinurasheed/project-device-mart/pkg/usecase/user.go:101.28,103.3 1 0
github.com/anazibinurasheed/project-device-mart/pkg/usecase/user.go:105.2,105.26 1 0
github.com/anazibinurasheed/project-device-mart/pkg/usecase/user.go:108.80,111.16 2 0
github.com/anazibinurasheed/project-device-mart/pkg/usecase/user.go:111.16,113.3 1 0
github.com/anazibinurasheed/project-device-mart/pkg/usecase/user.go:115.2,115.28 1 0
github.com/anazibinurasheed/project-device-mart/pkg/usecase/user.go:115.28,118.3 1 0
github.com/anazibinurasheed/project-device-mart/pkg/usecase/user.go:120.2,121.16 2 0
github.com/anazibinurasheed/project-device-mart/pkg/usecase/user.go:121.16,123.3 1 0
github.com/anazibinurasheed/project-device-mart/pkg/usecase/user.go:125.2,125.28 1 0
github.com/anazibinurasheed/project-device-mart/pkg/usecase/user.go:125.28,127.17 2 0
github.com/anazibinurasheed/project-device-mart/pkg/usecase/user.go:127.17,129.4 1 0
github.com/anazibinurasheed/project-device-mart/pkg/usecase/user.go:131.3,131.32 1 0
github.com/anazibinurasheed/project-device-mart/pkg/usecase/user.go:131.32,133.4 1 0
github.com/anazibinurasheed/project-device-mart/pkg/usecase/user.go:135.2,135.12 1 0
github.com/anazibinurasheed/project-device-mart/pkg/usecase/user.go:138.80,141.16 2 0
github.com/anazibinurasheed/project-device-mart/pkg/usecase/user.go:141.16,143.3 1 0
github.com/anazibinurasheed/project-device-mart/pkg/usecase/user.go:145.2,145.28 1 0
github.com/anazibinurasheed/project-device-mart/pkg/usecase/user.go:145.28,147.3 1 0
github.com/anazibinurasheed/project-device-mart/pkg/usecase/user.go:148.2,148.28 1 0
github.com/anazibinurasheed/project-device-mart/pkg/usecase/user.go:162.99,166.16 2 0
github.com/anazibinurasheed/project-device-mart/pkg/usecase/user.go:166.16,168.3 1 0
github.com/anazibinurasheed/project-device-mart/pkg/usecase/user.go:169.2,169.28 1 0
github.com/anazibinurasheed/project-device-mart/pkg/usecase/user.go:169.28,171.3 1 0
github.com/anazibinurasheed/project-device-mart/pkg/usecase/user.go:172.2,172.12 1 0
github.com/anazibinurasheed/project-device-mart/pkg/usecase/user.go:176.80,179.16 2 0
github.com/anazibinurasheed/project-device-mart/pkg/usecase/user.go:179.16,181.3 1 0
github.com/anazibinurasheed/project-device-mart/pkg/usecase/user.go:182.2,182.29 1 0
github.com/anazibinurasheed/project-device-mart/pkg/usecase/user.go:185.62,187.16 2 0
github.com/anazibinurasheed/project-device-mart/pkg/usecase/user.go:187.16,189.3 1 0
github.com/anazibinurasheed/project-device-mart/pkg/usecase/user.go:190.2,190.28 1 0
github.com/anazibinurasheed/project-device-mart/pkg/usecase/user.go:190.28,192.3 1 0
github.com/anazibinurasheed/project-device-mart/pkg/usecase/user.go:193.2,195.16 3 0
github.com/anazibinurasheed/project-device-mart/pkg/usecase/user.go:195.16,197.3 1 0
github.com/anazibinurasheed/project-device-mart/pkg/usecase/user.go:198.2,198.25 1 0
github.com/anazibinurasheed/project-device-mart/pkg/usecase/user.go:198.25,200.17 2 0
github.com/anazibinurasheed/project-device-mart/pkg/usecase/user.go:200.17,202.4 1 0
github.com/anazibinurasheed/project-device-mart/pkg/usecase/user.go:204.2,204.12 1 0
github.com/anazibinurasheed/project-device-mart/pkg/usecase/user.go:206.70,208.16 2 0
github.com/anazibinurasheed/project-device-mart/pkg/usecase/user.go:208.16,210.3 1 0
github.com/anazibinurasheed/project-device-mart/pkg/usecase/user.go:211.2,212.56 2 0
github.com/anazibinurasheed/project-device-mart/pkg/usecase/user.go:212.56,214.3 1 0
github.com/anazibinurasheed/project-device-mart/pkg/usecase/user.go:215.2,216.48 2 0
github.com/anazibinurasheed/project-device-mart/pkg/usecase/user.go:216.48,218.3 1 0
github.com/anazibinurasheed/project-device-mart/pkg/usecase/user.go:219.2,219.12 1 0
github.com/anazibinurasheed/project-device-mart/pkg/usecase/user.go:221.72,225.16 3 0
github.com/anazibinurasheed/project-device-mart/pkg/usecase/user.go:225.16,227.3 1 0
github.com/anazibinurasheed/project-device-mart/pkg/usecase/user.go:229.2,229.22 1 0
github.com/anazibinurasheed/project-device-mart/pkg/usecase/user.go:229.22,231.3 1 0
github.com/anazibinurasheed/project-device-mart/pkg/usecase/user.go:233.2,238.16 6 0
github.com/anazibinurasheed/project-device-mart/pkg/usecase/user.go:238.16,240.3 1 0
github.com/anazibinurasheed/project-device-mart/pkg/usecase/user.go:241.2,241.42 1 0
github.com/anazibinurasheed/project-device-mart/pkg/usecase/user.go:241.42,243.3 1 0
github.com/anazibinurasheed/project-device-mart/pkg/usecase/user.go:244.2,244.21 1 0
github.com/anazibinurasheed/project-device-mart/pkg/usecase/user.go:249.72,251.16 2 0
github.com/anazibinurasheed/project-device-mart/pkg/usecase/user.go:251.16,253.3 1 0
github.com/anazibinurasheed/project-device-mart/pkg/usecase/user.go:255.2,255.22 1 0
github.com/anazibinurasheed/project-device-mart/pkg/usecase/user.go:255.22,257.3 1 0
github.com/anazibinurasheed/project-device-mart/pkg/usecase/user.go:259.2,260.16 2 0
github.com/anazibinurasheed/project-device-mart/pkg/usecase/user.go:260.16,262.3 1 0
github.com/anazibinurasheed/project-device-mart/pkg/usecase/user.go:263.2,265.12 2 0
github.com/anazibinurasheed/project-device-mart/pkg/usecase/user.go:268.109,277.52 1 0
github.com/anazibinurasheed/project-device-mart/pkg/usecase/user.go:277.52,279.3 1 0
github.com/anazibinurasheed/project-device-mart/pkg/usecase/user.go:281.2,282.16 2 0
github.com/anazibinurasheed/project-device-mart/pkg/usecase/user.go:282.16,285.3 2 0
github.com/anazibinurasheed/project-device-mart/pkg/usecase/user.go:287.2,288.16 2 0
github.com/anazibinurasheed/project-device-mart/pkg/usecase/user.go:288.16,290.3 1 0
github.com/anazibinurasheed/project-device-mart/pkg/usecase/user.go:292.2,292.12 1 0
github.com/anazibinurasheed/project-device-mart/pkg/usecase/user.go:295.92,300.16 3 0
github.com/anazibinurasheed/project-device-mart/pkg/usecase/user.go:300.16,302.3 1 0
github.com/anazibinurasheed/project-device-mart/pkg/usecase/user.go:304.2,304.12 1 0
github.com/anazibinurasheed/project-device-mart/pkg/usecase/user.go:307.73,310.16 2 0
github.com/anazibinurasheed/project-device-mart/pkg/usecase/user.go:310.16,313.3 1 0
github.com/anazibinurasheed/project-device-mart/pkg/usecase/user.go:314.2,314.35 1 0
github.com/anazibinurasheed/project-device-mart/pkg/usecase/user.go:314.35,316.3 1 0
github.com/anazibinurasheed/project-device-mart/pkg/usecase/user.go:317.2,317.12 1 0
github.com/anazibinurasheed/project-device-mart/pkg/usecase/wallet.go:13.83,17.2 1 0
github.com/anazibinurasheed/project-device-mart/pkg/repository/admin.go:19.65,24.2 1 0
github.com/anazibinurasheed/project-device-mart/pkg/repository/admin.go:29.99,40.2 9 0
github.com/anazibinurasheed/project-device-mart/pkg/repository/admin.go:42.87,44.82 2 0
github.com/anazibinurasheed/project-device-mart/pkg/repository/admin.go:44.82,46.3 1 0
github.com/anazibinurasheed/project-device-mart/pkg/repository/admin.go:48.2,48.30 1 0
github.com/anazibinurasheed/project-device-mart/pkg/repository/admin.go:51.84,58.2 4 0
github.com/anazibinurasheed/project-device-mart/pkg/repository/admin.go:60.60,67.2 6 0
github.com/anazibinurasheed/project-device-mart/pkg/repository/admin.go:69.62,77.2 6 0
github.com/anazibinurasheed/project-device-mart/pkg/repository/admin.go:78.95,84.2 4 0
github.com/anazibinurasheed/project-device-mart/pkg/repository/cart.go:13.63,17.2 1 0
github.com/anazibinurasheed/project-device-mart/pkg/repository/cart.go:19.85,27.2 5 0
github.com/anazibinurasheed/project-device-mart/pkg/repository/cart.go:29.71,37.2 4 0
github.com/anazibinurasheed/project-device-mart/pkg/repository/cart.go:39.90,47.2 4 0
github.com/anazibinurasheed/project-device-mart/pkg/repository/cart.go:49.102,57.2 4 0
github.com/anazibinurasheed/project-device-mart/pkg/repository/cart.go:59.102,67.2 4 0
github.com/anazibinurasheed/project-device-mart/pkg/repository/cart.go:68.87,76.2 4 0
github.com/anazibinurasheed/project-device-mart/pkg/repository/cart.go:77.71,85.2 4 0
github.com/anazibinurasheed/project-device-mart/pkg/repository/coupon.go:16.67,20.2 1 0
github.com/anazibinurasheed/project-device-mart/pkg/repository/coupon.go:22.95,29.2 4 0
github.com/anazibinurasheed/project-device-mart/pkg/repository/coupon.go:31.92,37.2 4 0
github.com/anazibinurasheed/project-device-mart/pkg/repository/coupon.go:38.78,45.2 5 0
github.com/anazibinurasheed/project-device-mart/pkg/repository/coupon.go:46.80,52.2 5 0
github.com/anazibinurasheed/project-device-mart/pkg/repository/coupon.go:53.71,60.2 4 0
github.com/anazibinurasheed/project-device-mart/pkg/repository/coupon.go:62.88,69.2 4 0
github.com/anazibinurasheed/project-device-mart/pkg/repository/coupon.go:70.81,77.2 4 0
github.com/anazibinurasheed/project-device-mart/pkg/repository/coupon.go:79.107,85.2 4 0
github.com/anazibinurasheed/project-device-mart/pkg/repository/coupon.go:87.90,93.2 5 0
github.com/anazibinurasheed/project-device-mart/pkg/repository/coupon.go:95.101,100.2 4 0
github.com/anazibinurasheed/project-device-mart/pkg/repository/coupon.go:102.94,108.2 5 0
github.com/anazibinurasheed/project-device-mart/pkg/repository/coupon.go:110.95,115.2 4 0
github.com/anazibinurasheed/project-device-mart/pkg/repository/coupon.go:117.98,124.2 4 0
github.com/anazibinurasheed/project-device-mart/pkg/repository/coupon.go:126.117,138.2 4 0
github.com/anazibinurasheed/project-device-mart/pkg/repository/coupon.go:140.113,147.2 4 0
github.com/anazibinurasheed/project-device-mart/pkg/repository/order.go:16.65,20.2 1 0
github.com/anazibinurasheed/project-device-mart/pkg/repository/order.go:22.228,27.2 4 0
github.com/anazibinurasheed/project-device-mart/pkg/repository/order.go:28.75,33.2 4 0
github.com/anazibinurasheed/project-device-mart/pkg/repository/order.go:35.77,40.2 4 0
github.com/anazibinurasheed/project-device-mart/pkg/repository/order.go:42.76,47.2 4 0
github.com/anazibinurasheed/project-device-mart/pkg/repository/order.go:49.104,74.2 4 0
github.com/anazibinurasheed/project-device-mart/pkg/repository/order.go:76.79,102.2 4 0
github.com/anazibinurasheed/project-device-mart/pkg/repository/order.go:104.92,135.2 5 0
github.com/anazibinurasheed/project-device-mart/pkg/repository/order.go:137.77,143.2 4 0
github.com/anazibinurasheed/project-device-mart/pkg/repository/order.go:145.99,150.2 4 0
github.com/anazibinurasheed/project-device-mart/pkg/repository/order.go:152.111,158.2 4 0
github.com/anazibinurasheed/project-device-mart/pkg/repository/order.go:160.76,166.2 4 0
github.com/anazibinurasheed/project-device-mart/pkg/repository/order.go:168.81,173.2 4 0
github.com/anazibinurasheed/project-device-mart/pkg/repository/order.go:174.93,179.2 4 0
github.com/anazibinurasheed/project-device-mart/pkg/repository/order.go:181.83,187.2 4 0
github.com/anazibinurasheed/project-device-mart/pkg/repository/order.go:189.78,195.2 4 0
github.com/anazibinurasheed/project-device-mart/pkg/repository/order.go:197.96,203.2 4 0
github.com/anazibinurasheed/project-device-mart/pkg/repository/order.go:205.145,213.2 4 0
github.com/anazibinurasheed/project-device-mart/pkg/repository/order.go:215.108,220.2 4 0
github.com/anazibinurasheed/project-device-mart/pkg/repository/payment.go:13.69,17.2 1 0
github.com/anazibinurasheed/project-device-mart/pkg/repository/payment.go:19.82,25.2 4 0
github.com/anazibinurasheed/project-device-mart/pkg/repository/payment.go:27.65,32.2 4 0
github.com/anazibinurasheed/project-device-mart/pkg/repository/payment.go:34.70,40.2 4 0
github.com/anazibinurasheed/project-device-mart/pkg/repository/payment.go:42.96,48.2 4 0
github.com/anazibinurasheed/project-device-mart/pkg/repository/product.go:16.69,18.2 1 0
github.com/anazibinurasheed/project-device-mart/pkg/repository/product.go:20.97,26.2 4 0
github.com/anazibinurasheed/project-device-mart/pkg/repository/product.go:28.100,35.2 4 0
github.com/anazibinurasheed/project-device-mart/pkg/repository/product.go:37.110,45.2 4 0
github.com/anazibinurasheed/project-device-mart/pkg/repository/product.go:47.94,53.2 4 0
github.com/anazibinurasheed/project-device-mart/pkg/repository/product.go:55.96,61.2 4 0
github.com/anazibinurasheed/project-device-mart/pkg/repository/product.go:63.87,69.2 4 0
github.com/anazibinurasheed/project-device-mart/pkg/repository/product.go:70.80,75.2 4 0
github.com/anazibinurasheed/project-device-mart/pkg/repository/product.go:78.106,83.2 4 0
github.com/anazibinurasheed/project-device-mart/pkg/repository/product.go:85.105,90.2 4 0
github.com/anazibinurasheed/project-device-mart/pkg/repository/product.go:92.118,98.2 4 0
github.com/anazibinurasheed/project-device-mart/pkg/repository/product.go:100.92,108.2 6 0
github.com/anazibinurasheed/project-device-mart/pkg/repository/product.go:110.94,119.2 6 0
github.com/anazibinurasheed/project-device-mart/pkg/repository/product.go:121.92,126.2 4 0
github.com/anazibinurasheed/project-device-mart/pkg/repository/product.go:128.104,134.2 4 0
github.com/anazibinurasheed/project-device-mart/pkg/repository/product.go:138.85,143.2 4 0
github.com/anazibinurasheed/project-device-mart/pkg/repository/product.go:145.100,152.2 4 0
github.com/anazibinurasheed/project-device-mart/pkg/repository/product.go:162.88,168.2 4 0
github.com/anazibinurasheed/project-device-mart/pkg/repository/product.go:170.77,175.2 2 0
github.com/anazibinurasheed/project-device-mart/pkg/repository/product.go:177.112,188.2 5 0
github.com/anazibinurasheed/project-device-mart/pkg/repository/product.go:189.120,199.2 4 0
github.com/anazibinurasheed/project-device-mart/pkg/repository/refferal.go:13.71,17.2 1 0
github.com/anazibinurasheed/project-device-mart/pkg/repository/refferal.go:19.111,24.2 4 0
github.com/anazibinurasheed/project-device-mart/pkg/repository/refferal.go:26.100,31.2 4 0
github.com/anazibinurasheed/project-device-mart/pkg/repository/refferal.go:33.93,38.2 4 0
github.com/anazibinurasheed/project-device-mart/pkg/repository/user.go:18.63,20.2 1 1
github.com/anazibinurasheed/project-device-mart/pkg/repository/user.go:22.79,28.2 4 0
github.com/anazibinurasheed/project-device-mart/pkg/repository/user.go:30.82,36.2 4 0
github.com/anazibinurasheed/project-device-mart/pkg/repository/user.go:37.73,43.2 4 0
github.com/anazibinurasheed/project-device-mart/pkg/repository/user.go:45.96,51.2 4 1
github.com/anazibinurasheed/project-device-mart/pkg/repository/user.go:53.69,58.2 4 0
github.com/anazibinurasheed/project-device-mart/pkg/repository/user.go:60.70,65.2 4 0
github.com/anazibinurasheed/project-device-mart/pkg/repository/user.go:66.108,78.2 4 0
github.com/anazibinurasheed/project-device-mart/pkg/repository/user.go:79.86,85.2 5 0
github.com/anazibinurasheed/project-device-mart/pkg/repository/user.go:87.119,94.2 4 0
github.com/anazibinurasheed/project-device-mart/pkg/repository/user.go:95.85,101.42 4 0
github.com/anazibinurasheed/project-device-mart/pkg/repository/user.go:101.42,103.3 1 0
github.com/anazibinurasheed/project-device-mart/pkg/repository/user.go:104.2,104.31 1 0
github.com/anazibinurasheed/project-device-mart/pkg/repository/user.go:107.117,116.2 4 0
github.com/anazibinurasheed/project-device-mart/pkg/repository/user.go:118.91,123.2 4 0
github.com/anazibinurasheed/project-device-mart/pkg/repository/user.go:125.78,132.2 4 0
github.com/anazibinurasheed/project-device-mart/pkg/repository/user.go:134.89,142.2 4 0
github.com/anazibinurasheed/project-device-mart/pkg/repository/user.go:143.79,151.2 4 0
github.com/anazibinurasheed/project-device-mart/pkg/repository/user.go:153.92,159.2 4 0
github.com/anazibinurasheed/project-device-mart/pkg/repository/wallet.go:13.67,17.2 1 0
github.com/anazibinurasheed/project-device-mart/pkg/repository/wallet.go:19.97,25.2 4 0
